10:47:46.744 [main] INFO  fr.inria.jtravis.JTravis - No Github token has been given, try to connect using environment information
10:47:47.435 [main] INFO  fr.inria.jtravis.JTravis - GitHub ratelimit: Limit: 60 Remaining: 59 Reset hour: 18:26:04
10:47:48.829 [main] INFO  f.i.s.r.process.git.GitHelper - Init git submodules.
10:48:01.042 [Thread-6] ERROR f.i.s.r.p.m.o.MavenFilterOutputHandler - [ERROR] Failed to execute goal org.apache.maven.plugins:maven-surefire-plugin:2.12.4:test (default-test) on project TestingProject: There are test failures.
10:48:01.043 [Thread-6] ERROR f.i.s.r.p.m.o.MavenFilterOutputHandler - [ERROR] 
10:48:01.044 [Thread-6] ERROR f.i.s.r.p.m.o.MavenFilterOutputHandler - [ERROR] Please refer to /tmp/patch_classification7699307184925649272/fermadeiral/TestingProject/target/surefire-reports for the individual test results.
10:48:01.044 [Thread-6] ERROR f.i.s.r.p.m.o.MavenFilterOutputHandler - [ERROR] -> [Help 1]
10:48:01.058 [Thread-6] ERROR f.i.s.r.p.m.o.MavenFilterOutputHandler - [ERROR] 
10:48:01.059 [Thread-6] ERROR f.i.s.r.p.m.o.MavenFilterOutputHandler - [ERROR] Re-run Maven using the -X switch to enable full debug logging.
10:48:01.059 [Thread-6] ERROR f.i.s.r.p.m.o.MavenFilterOutputHandler - [ERROR] 
10:48:01.060 [Thread-6] ERROR f.i.s.r.p.m.o.MavenFilterOutputHandler - [ERROR] For more information about the errors and possible solutions, please read the following articles:
10:48:01.060 [Thread-6] ERROR f.i.s.r.p.m.o.MavenFilterOutputHandler - [ERROR] [Help 1] http://cwiki.apache.org/confluence/display/MAVEN/MojoFailureException
10:48:01.944 [main] INFO  f.i.s.r.p.s.g.GatherTestInformation - Get the following failing module path: /tmp/patch_classification7699307184925649272/fermadeiral/TestingProject
10:48:01.948 [main] INFO  f.i.s.r.p.s.g.GatherTestInformation - ---Test results---
10:48:01.949 [main] INFO  f.i.s.r.p.s.g.GatherTestInformation -    Total tests: 4
10:48:01.949 [main] INFO  f.i.s.r.p.s.g.GatherTestInformation -    Tests run: 4
10:48:01.949 [main] INFO  f.i.s.r.p.s.g.GatherTestInformation -    Tests passing: 3
10:48:01.950 [main] INFO  f.i.s.r.p.s.g.GatherTestInformation -    Failures: 1
10:48:01.950 [main] INFO  f.i.s.r.p.s.g.GatherTestInformation -    Errors: 0
10:48:01.950 [main] INFO  f.i.s.r.p.s.g.GatherTestInformation -    Skipped: 0
10:48:12.955 [main] INFO  f.i.s.r.p.s.paths.ComputeSourceDir - 1 source dir was found:
10:48:12.956 [main] INFO  f.i.s.r.p.s.paths.ComputeSourceDir - /tmp/patch_classification7699307184925649272/fermadeiral/TestingProject/src/main/java
10:48:12.988 [main] INFO  fr.inria.lille.repair.nopol.NoPol - Source files: [/tmp/patch_classification7699307184925649272/fermadeiral/TestingProject/src/main/java]
10:48:12.989 [main] INFO  fr.inria.lille.repair.nopol.NoPol - Classpath: [file:/tmp/patch_classification7699307184925649272/fermadeiral/TestingProject/.m2/junit/junit/4.11/junit-4.11.jar, file:/tmp/patch_classification7699307184925649272/fermadeiral/TestingProject/.m2/org/hamcrest/hamcrest-core/1.3/hamcrest-core-1.3.jar, file:/tmp/patch_classification7699307184925649272/fermadeiral/TestingProject/target/classes/, file:/tmp/patch_classification7699307184925649272/fermadeiral/TestingProject/target/test-classes/]
10:48:12.989 [main] INFO  fr.inria.lille.repair.nopol.NoPol - Statement type: COND_THEN_PRE
10:48:12.990 [main] INFO  fr.inria.lille.repair.nopol.NoPol - Args: [Tests]
10:48:12.993 [main] INFO  fr.inria.lille.repair.nopol.NoPol - Config: Config{synthesisDepth=3, collectStaticMethods=true, collectStaticFields=false, collectLiterals=false, onlyOneSynthesisResult=false, sortExpressions=true, maxLineInvocationPerTest=250, timeoutMethodInvocation=2000, dataCollectionTimeoutInSecondForSynthesis=900, addWeight=0.19478, subWeight=0.04554, mulWeight=0.0102, divWeight=0.00613, andWeight=0.10597, orWeight=0.05708, eqWeight=0.22798, nEqWeight=0.0, lessEqWeight=0.0255, lessWeight=0.0947, methodCallWeight=0.1, fieldAccessWeight=0.08099, constantWeight=0.14232, variableWeight=0.05195, mode=REPAIR, type=COND_THEN_PRE, synthesis=SMT, oracle=ANGELIC, solver=Z3, solverPath='src/test/resources/z3/z3_for_linux', projectSources=[/tmp/patch_classification7699307184925649272/fermadeiral/TestingProject/src/main/java], projectClasspath='[Ljava.net.URL;@4d8ee285', projectTests=[Tests], complianceLevel=8, outputFolder=/tmp/patch_classification7699307184925649272/fermadeiral/TestingProject/repairnator.nopolsingletest.results, json=false}
10:48:12.994 [main] INFO  fr.inria.lille.repair.nopol.NoPol - Available processors (cores): 12
10:48:13.006 [main] INFO  fr.inria.lille.repair.nopol.NoPol - Free memory: 117 MB
10:48:13.007 [main] INFO  fr.inria.lille.repair.nopol.NoPol - Maximum memory: 1 GB
10:48:13.007 [main] INFO  fr.inria.lille.repair.nopol.NoPol - Total memory available to JVM: 152 MB
10:48:13.008 [main] INFO  fr.inria.lille.repair.nopol.NoPol - Java version: null
10:48:13.008 [main] INFO  fr.inria.lille.repair.nopol.NoPol - JAVA_HOME: null
10:48:13.008 [main] INFO  fr.inria.lille.repair.nopol.NoPol - PATH: /home/andre/.scripts:/home/andre/.scripts:/usr/local/sbin:/usr/local/bin:/usr/bin
10:48:13.247 [main] INFO  spoon.Launcher - Running in NOCLASSPATH mode (doc: http://spoon.gforge.inria.fr/launcher.html).
10:48:16.232 [pool-13-thread-1] ERROR x.java.compiler.DynamicClassCompiler - [Compilation errors]
Main.java:24: error: missing return statement
    }
    ^
10:48:16.247 [pool-13-thread-1] ERROR f.i.l.r.n.s.ConstraintModelBuilder - Unable to compile the change: 
public class Main {
    public static int anything(int a, int b) {
        if (a < 10) {
            return a + b;
        } else {
            boolean spoonDefaultValue = false;
            try {
                spoonDefaultValue = true;
            } catch (java.lang.Exception __NopolProcessorException) {
            }
            boolean runtimeAngelicValue = fr.inria.lille.repair.nopol.synth.AngelicExecution.angelicValue(spoonDefaultValue);
            if (fr.inria.lille.commons.trace.RuntimeValues.instance(0).isEnabled()) {
                fr.inria.lille.commons.trace.RuntimeValues.instance(0).collectionStarts();
                try{fr.inria.lille.commons.trace.RuntimeValues.instance(0).collectInput("a",a);} catch (Exception ex1) {ex1.printStackTrace();};
                try{fr.inria.lille.commons.trace.RuntimeValues.instance(0).collectInput("b",b);} catch (Exception ex1) {ex1.printStackTrace();};
                fr.inria.lille.commons.trace.RuntimeValues.instance(0).collectOutput(runtimeAngelicValue);
                fr.inria.lille.commons.trace.RuntimeValues.instance(0).collectionEnds();
            }
            if (runtimeAngelicValue)
                return a - b;

        }
    }

    public static void main(java.lang.String[] args) {
        int a = 1;
        int b = 3;
        int sum = fr.inria.spirals.testingprojectforbears.Main.anything(a, b);
        java.lang.System.out.println(sum);
        a = 10;
        b = 2;
        sum = fr.inria.spirals.testingprojectforbears.Main.anything(a, b);
        java.lang.System.out.println(sum);
    }
}
10:48:16.248 [pool-4-thread-1] ERROR fr.inria.lille.repair.nopol.NoPol - Error ExecutionException java.util.concurrent.ExecutionException: xxl.java.compiler.DynamicCompilationException: Aborting: dynamic compilation failed
10:48:16.983 [pool-15-thread-1] INFO  f.i.l.repair.nopol.patch.TestPatch - Applying patch: fr.inria.spirals.testingprojectforbears.Main:6: CONDITIONAL b <= 2
10:48:17.282 [pool-15-thread-1] INFO  f.i.l.repair.nopol.patch.TestPatch - Running test suite to check the patch "b <= 2" is working
10:48:17.291 [pool-4-thread-1] INFO  fr.inria.lille.repair.nopol.NoPol - ----INFORMATION----
10:48:17.294 [pool-4-thread-1] INFO  fr.inria.lille.repair.nopol.NoPol - Nb classes : 1
10:48:17.294 [pool-4-thread-1] INFO  fr.inria.lille.repair.nopol.NoPol - Nb methods : 2
10:48:17.294 [pool-4-thread-1] INFO  fr.inria.lille.repair.nopol.NoPol - Nb Statements Analyzed : 2
10:48:17.295 [pool-4-thread-1] INFO  fr.inria.lille.repair.nopol.NoPol - Nb Statements with Angelic Value Found : 1
10:48:17.295 [pool-4-thread-1] INFO  fr.inria.lille.repair.nopol.NoPol - Nb inputs in SMT : 4
10:48:17.295 [pool-4-thread-1] INFO  fr.inria.lille.repair.nopol.NoPol - Nb SMT level: 2
10:48:17.295 [pool-4-thread-1] INFO  fr.inria.lille.repair.nopol.NoPol - Nb SMT components: [4] [== of arity: 2, != of arity: 2, < of arity: 2, <= of arity: 2]
10:48:17.295 [pool-4-thread-1] INFO  fr.inria.lille.repair.nopol.NoPol -                   class java.lang.Boolean: 4
10:48:17.295 [pool-4-thread-1] INFO  fr.inria.lille.repair.nopol.NoPol - Nb variables in SMT : 10
10:48:17.295 [pool-4-thread-1] INFO  fr.inria.lille.repair.nopol.NoPol - NoPol Execution time : 4304ms
10:48:17.296 [pool-4-thread-1] INFO  fr.inria.lille.repair.nopol.NoPol - 
10:48:17.296 [pool-4-thread-1] INFO  fr.inria.lille.repair.nopol.NoPol - ----PATCH FOUND----
10:48:17.296 [pool-4-thread-1] INFO  fr.inria.lille.repair.nopol.NoPol - b <= 2
10:48:17.296 [pool-4-thread-1] INFO  fr.inria.lille.repair.nopol.NoPol - Nb test that executes the patch: 4
10:48:17.296 [pool-4-thread-1] INFO  fr.inria.lille.repair.nopol.NoPol - fr.inria.spirals.testingprojectforbears.Main:6: CONDITIONAL
10:48:17.308 [pool-4-thread-1] INFO  fr.inria.lille.repair.nopol.NoPol - --- a/src/main/java/fr/inria/spirals/testingprojectforbears/Main.java
+++ b/src/main/java/fr/inria/spirals/testingprojectforbears/Main.java
@@ -5,3 +5,3 @@
 	public static int anything(int a, int b) {
-		if (a < 10) {
+		if (b <= 2) {
 			return a + b;

10:48:17.391 [main] INFO  f.i.s.r.p.s.r.n.NopolSingleTestRepair - Classifying patches with mode ODS
10:48:17.933 [main] INFO  spoon.Launcher - Running in NOCLASSPATH mode (doc: http://spoon.gforge.inria.fr/launcher.html).
10:48:18.042 [main] INFO  f.i.s.r.p.s.r.n.NopolSingleTestRepair - The repository won't be forked.
10:48:18.044 [main] INFO  f.i.s.r.p.s.r.n.NopolSingleTestRepair - Serialize all data for build: 203797975
10:48:18.098 [main] INFO  f.i.s.r.p.i.ProjectInspector - ----------------------------------------------------------------------
10:48:18.098 [main] INFO  f.i.s.r.p.i.ProjectInspector - PIPELINE EXECUTION SUMMARY
10:48:18.098 [main] INFO  f.i.s.r.p.i.ProjectInspector - ----------------------------------------------------------------------
10:48:18.098 [main] INFO  f.i.s.r.p.i.ProjectInspector - CloneRepository.......................................SUCCESS [  1 s ]
10:48:18.098 [main] INFO  f.i.s.r.p.i.ProjectInspector - NopolSingleTest.......................................SUCCESS [  5 s ]
10:48:18.098 [main] INFO  f.i.s.r.p.i.ProjectInspector - CheckoutBuggyBuild....................................SUCCESS [  0 s ]
10:48:18.098 [main] INFO  f.i.s.r.p.i.ProjectInspector - TestProject...........................................SUCCESS [ 13 s ]
10:48:18.099 [main] INFO  f.i.s.r.p.i.ProjectInspector - GatherTestInformation.................................SUCCESS [  0 s ]
10:48:18.099 [main] INFO  f.i.s.r.p.i.ProjectInspector - ComputeClasspath......................................SUCCESS [ 11 s ]
10:48:18.099 [main] INFO  f.i.s.r.p.i.ProjectInspector - ComputeSourceDir......................................SUCCESS [  0 s ]
10:48:18.100 [main] INFO  f.i.s.r.p.i.ProjectInspector - ----------------------------------------------------------------------
10:48:18.100 [main] INFO  f.i.s.r.p.i.ProjectInspector - PIPELINE FINDING: PATCHED
10:48:18.100 [main] INFO  f.i.s.r.p.i.ProjectInspector - ----------------------------------------------------------------------
11:30:17.493 [main] INFO  fr.inria.jtravis.JTravis - No Github token has been given, try to connect using environment information
11:30:18.195 [main] INFO  fr.inria.jtravis.JTravis - GitHub ratelimit: Limit: 60 Remaining: 60 Reset hour: 18:26:07
11:30:19.731 [main] INFO  f.i.s.r.process.git.GitHelper - Init git submodules.
11:30:20.788 [main] INFO  f.i.s.r.p.s.g.GatherTestInformation - ---Test results---
11:30:20.789 [main] INFO  f.i.s.r.p.s.g.GatherTestInformation -    Total tests: 0
11:30:20.789 [main] INFO  f.i.s.r.p.s.g.GatherTestInformation -    Tests run: 0
11:30:20.789 [main] INFO  f.i.s.r.p.s.g.GatherTestInformation -    Tests passing: 0
11:30:20.789 [main] INFO  f.i.s.r.p.s.g.GatherTestInformation -    Failures: 0
11:30:20.789 [main] INFO  f.i.s.r.p.s.g.GatherTestInformation -    Errors: 0
11:30:20.789 [main] INFO  f.i.s.r.p.s.g.GatherTestInformation -    Skipped: 0
11:30:20.790 [main] INFO  f.i.s.r.p.s.g.GatherTestInformation - Serialize all data for build: 203797975
11:30:20.795 [main] INFO  f.i.s.r.p.i.ProjectInspector - ----------------------------------------------------------------------
11:30:20.796 [main] INFO  f.i.s.r.p.i.ProjectInspector - PIPELINE EXECUTION SUMMARY
11:30:20.796 [main] INFO  f.i.s.r.p.i.ProjectInspector - ----------------------------------------------------------------------
11:30:20.796 [main] INFO  f.i.s.r.p.i.ProjectInspector - CloneRepository........................................SUCCESS [ 1 s ]
11:30:20.796 [main] INFO  f.i.s.r.p.i.ProjectInspector - NopolSingleTest........................................NOT RUN        
11:30:20.796 [main] INFO  f.i.s.r.p.i.ProjectInspector - CheckoutBuggyBuild.....................................SUCCESS [ 0 s ]
11:30:20.796 [main] INFO  f.i.s.r.p.i.ProjectInspector - TestProject............................................SUCCESS [ 1 s ]
11:30:20.797 [main] INFO  f.i.s.r.p.i.ProjectInspector - GatherTestInformation..................................FAILURE [ 0 s ]
11:30:20.797 [main] INFO  f.i.s.r.p.i.ProjectInspector - ComputeClasspath.......................................NOT RUN        
11:30:20.797 [main] INFO  f.i.s.r.p.i.ProjectInspector - ComputeSourceDir.......................................NOT RUN        
11:30:20.798 [main] INFO  f.i.s.r.p.i.ProjectInspector - ----------------------------------------------------------------------
11:30:20.799 [main] INFO  f.i.s.r.p.i.ProjectInspector - PIPELINE FINDING: NOTFAILING
11:30:20.799 [main] INFO  f.i.s.r.p.i.ProjectInspector - ----------------------------------------------------------------------
11:31:07.904 [main] INFO  fr.inria.jtravis.JTravis - No Github token has been given, try to connect using environment information
11:31:08.795 [main] INFO  fr.inria.jtravis.JTravis - GitHub ratelimit: Limit: 60 Remaining: 59 Reset hour: 18:26:07
11:31:10.505 [main] INFO  f.i.s.r.process.git.GitHelper - Init git submodules.
11:31:23.363 [Thread-6] ERROR f.i.s.r.p.m.o.MavenFilterOutputHandler - [ERROR] Failed to execute goal org.apache.maven.plugins:maven-surefire-plugin:2.12.4:test (default-test) on project TestingProject: There are test failures.
11:31:23.365 [Thread-6] ERROR f.i.s.r.p.m.o.MavenFilterOutputHandler - [ERROR] 
11:31:23.366 [Thread-6] ERROR f.i.s.r.p.m.o.MavenFilterOutputHandler - [ERROR] Please refer to /tmp/patch_classification7864911885831523696/fermadeiral/TestingProject/target/surefire-reports for the individual test results.
11:31:23.366 [Thread-6] ERROR f.i.s.r.p.m.o.MavenFilterOutputHandler - [ERROR] -> [Help 1]
11:31:23.368 [Thread-6] ERROR f.i.s.r.p.m.o.MavenFilterOutputHandler - [ERROR] 
11:31:23.368 [Thread-6] ERROR f.i.s.r.p.m.o.MavenFilterOutputHandler - [ERROR] Re-run Maven using the -X switch to enable full debug logging.
11:31:23.368 [Thread-6] ERROR f.i.s.r.p.m.o.MavenFilterOutputHandler - [ERROR] 
11:31:23.369 [Thread-6] ERROR f.i.s.r.p.m.o.MavenFilterOutputHandler - [ERROR] For more information about the errors and possible solutions, please read the following articles:
11:31:23.369 [Thread-6] ERROR f.i.s.r.p.m.o.MavenFilterOutputHandler - [ERROR] [Help 1] http://cwiki.apache.org/confluence/display/MAVEN/MojoFailureException
11:31:23.618 [main] INFO  f.i.s.r.p.s.g.GatherTestInformation - Get the following failing module path: /tmp/patch_classification7864911885831523696/fermadeiral/TestingProject
11:31:23.621 [main] INFO  f.i.s.r.p.s.g.GatherTestInformation - ---Test results---
11:31:23.621 [main] INFO  f.i.s.r.p.s.g.GatherTestInformation -    Total tests: 4
11:31:23.621 [main] INFO  f.i.s.r.p.s.g.GatherTestInformation -    Tests run: 4
11:31:23.621 [main] INFO  f.i.s.r.p.s.g.GatherTestInformation -    Tests passing: 3
11:31:23.621 [main] INFO  f.i.s.r.p.s.g.GatherTestInformation -    Failures: 1
11:31:23.622 [main] INFO  f.i.s.r.p.s.g.GatherTestInformation -    Errors: 0
11:31:23.622 [main] INFO  f.i.s.r.p.s.g.GatherTestInformation -    Skipped: 0
11:31:34.627 [main] INFO  f.i.s.r.p.s.paths.ComputeSourceDir - 1 source dir was found:
11:31:34.628 [main] INFO  f.i.s.r.p.s.paths.ComputeSourceDir - /tmp/patch_classification7864911885831523696/fermadeiral/TestingProject/src/main/java
11:31:34.671 [main] INFO  fr.inria.lille.repair.nopol.NoPol - Source files: [/tmp/patch_classification7864911885831523696/fermadeiral/TestingProject/src/main/java]
11:31:34.672 [main] INFO  fr.inria.lille.repair.nopol.NoPol - Classpath: [file:/tmp/patch_classification7864911885831523696/fermadeiral/TestingProject/.m2/junit/junit/4.11/junit-4.11.jar, file:/tmp/patch_classification7864911885831523696/fermadeiral/TestingProject/.m2/org/hamcrest/hamcrest-core/1.3/hamcrest-core-1.3.jar, file:/tmp/patch_classification7864911885831523696/fermadeiral/TestingProject/target/classes/, file:/tmp/patch_classification7864911885831523696/fermadeiral/TestingProject/target/test-classes/]
11:31:34.672 [main] INFO  fr.inria.lille.repair.nopol.NoPol - Statement type: COND_THEN_PRE
11:31:34.672 [main] INFO  fr.inria.lille.repair.nopol.NoPol - Args: [Tests]
11:31:34.676 [main] INFO  fr.inria.lille.repair.nopol.NoPol - Config: Config{synthesisDepth=3, collectStaticMethods=true, collectStaticFields=false, collectLiterals=false, onlyOneSynthesisResult=false, sortExpressions=true, maxLineInvocationPerTest=250, timeoutMethodInvocation=2000, dataCollectionTimeoutInSecondForSynthesis=900, addWeight=0.19478, subWeight=0.04554, mulWeight=0.0102, divWeight=0.00613, andWeight=0.10597, orWeight=0.05708, eqWeight=0.22798, nEqWeight=0.0, lessEqWeight=0.0255, lessWeight=0.0947, methodCallWeight=0.1, fieldAccessWeight=0.08099, constantWeight=0.14232, variableWeight=0.05195, mode=REPAIR, type=COND_THEN_PRE, synthesis=SMT, oracle=ANGELIC, solver=Z3, solverPath='src/test/resources/z3/z3_for_linux', projectSources=[/tmp/patch_classification7864911885831523696/fermadeiral/TestingProject/src/main/java], projectClasspath='[Ljava.net.URL;@6d5254f3', projectTests=[Tests], complianceLevel=8, outputFolder=/tmp/patch_classification7864911885831523696/fermadeiral/TestingProject/repairnator.nopolsingletest.results, json=false}
11:31:34.677 [main] INFO  fr.inria.lille.repair.nopol.NoPol - Available processors (cores): 12
11:31:34.698 [main] INFO  fr.inria.lille.repair.nopol.NoPol - Free memory: 114 MB
11:31:34.699 [main] INFO  fr.inria.lille.repair.nopol.NoPol - Maximum memory: 1 GB
11:31:34.699 [main] INFO  fr.inria.lille.repair.nopol.NoPol - Total memory available to JVM: 152 MB
11:31:34.700 [main] INFO  fr.inria.lille.repair.nopol.NoPol - Java version: null
11:31:34.700 [main] INFO  fr.inria.lille.repair.nopol.NoPol - JAVA_HOME: null
11:31:34.701 [main] INFO  fr.inria.lille.repair.nopol.NoPol - PATH: /home/andre/.scripts:/home/andre/.scripts:/usr/local/sbin:/usr/local/bin:/usr/bin
11:31:35.008 [main] INFO  spoon.Launcher - Running in NOCLASSPATH mode (doc: http://spoon.gforge.inria.fr/launcher.html).
11:31:38.903 [pool-13-thread-1] ERROR x.java.compiler.DynamicClassCompiler - [Compilation errors]
Main.java:24: error: missing return statement
    }
    ^
11:31:38.924 [pool-13-thread-1] ERROR f.i.l.r.n.s.ConstraintModelBuilder - Unable to compile the change: 
public class Main {
    public static int anything(int a, int b) {
        if (a < 10) {
            return a + b;
        } else {
            boolean spoonDefaultValue = false;
            try {
                spoonDefaultValue = true;
            } catch (java.lang.Exception __NopolProcessorException) {
            }
            boolean runtimeAngelicValue = fr.inria.lille.repair.nopol.synth.AngelicExecution.angelicValue(spoonDefaultValue);
            if (fr.inria.lille.commons.trace.RuntimeValues.instance(0).isEnabled()) {
                fr.inria.lille.commons.trace.RuntimeValues.instance(0).collectionStarts();
                try{fr.inria.lille.commons.trace.RuntimeValues.instance(0).collectInput("a",a);} catch (Exception ex1) {ex1.printStackTrace();};
                try{fr.inria.lille.commons.trace.RuntimeValues.instance(0).collectInput("b",b);} catch (Exception ex1) {ex1.printStackTrace();};
                fr.inria.lille.commons.trace.RuntimeValues.instance(0).collectOutput(runtimeAngelicValue);
                fr.inria.lille.commons.trace.RuntimeValues.instance(0).collectionEnds();
            }
            if (runtimeAngelicValue)
                return a - b;

        }
    }

    public static void main(java.lang.String[] args) {
        int a = 1;
        int b = 3;
        int sum = fr.inria.spirals.testingprojectforbears.Main.anything(a, b);
        java.lang.System.out.println(sum);
        a = 10;
        b = 2;
        sum = fr.inria.spirals.testingprojectforbears.Main.anything(a, b);
        java.lang.System.out.println(sum);
    }
}
11:31:38.925 [pool-4-thread-1] ERROR fr.inria.lille.repair.nopol.NoPol - Error ExecutionException java.util.concurrent.ExecutionException: xxl.java.compiler.DynamicCompilationException: Aborting: dynamic compilation failed
11:31:39.783 [pool-15-thread-1] INFO  f.i.l.repair.nopol.patch.TestPatch - Applying patch: fr.inria.spirals.testingprojectforbears.Main:6: CONDITIONAL b <= 2
11:31:40.210 [pool-15-thread-1] INFO  f.i.l.repair.nopol.patch.TestPatch - Running test suite to check the patch "b <= 2" is working
11:31:40.220 [pool-4-thread-1] INFO  fr.inria.lille.repair.nopol.NoPol - ----INFORMATION----
11:31:40.222 [pool-4-thread-1] INFO  fr.inria.lille.repair.nopol.NoPol - Nb classes : 1
11:31:40.223 [pool-4-thread-1] INFO  fr.inria.lille.repair.nopol.NoPol - Nb methods : 2
11:31:40.223 [pool-4-thread-1] INFO  fr.inria.lille.repair.nopol.NoPol - Nb Statements Analyzed : 2
11:31:40.223 [pool-4-thread-1] INFO  fr.inria.lille.repair.nopol.NoPol - Nb Statements with Angelic Value Found : 1
11:31:40.223 [pool-4-thread-1] INFO  fr.inria.lille.repair.nopol.NoPol - Nb inputs in SMT : 4
11:31:40.223 [pool-4-thread-1] INFO  fr.inria.lille.repair.nopol.NoPol - Nb SMT level: 2
11:31:40.223 [pool-4-thread-1] INFO  fr.inria.lille.repair.nopol.NoPol - Nb SMT components: [4] [== of arity: 2, != of arity: 2, < of arity: 2, <= of arity: 2]
11:31:40.224 [pool-4-thread-1] INFO  fr.inria.lille.repair.nopol.NoPol -                   class java.lang.Boolean: 4
11:31:40.224 [pool-4-thread-1] INFO  fr.inria.lille.repair.nopol.NoPol - Nb variables in SMT : 10
11:31:40.224 [pool-4-thread-1] INFO  fr.inria.lille.repair.nopol.NoPol - NoPol Execution time : 5550ms
11:31:40.224 [pool-4-thread-1] INFO  fr.inria.lille.repair.nopol.NoPol - 
11:31:40.224 [pool-4-thread-1] INFO  fr.inria.lille.repair.nopol.NoPol - ----PATCH FOUND----
11:31:40.224 [pool-4-thread-1] INFO  fr.inria.lille.repair.nopol.NoPol - b <= 2
11:31:40.224 [pool-4-thread-1] INFO  fr.inria.lille.repair.nopol.NoPol - Nb test that executes the patch: 4
11:31:40.224 [pool-4-thread-1] INFO  fr.inria.lille.repair.nopol.NoPol - fr.inria.spirals.testingprojectforbears.Main:6: CONDITIONAL
11:31:40.240 [pool-4-thread-1] INFO  fr.inria.lille.repair.nopol.NoPol - --- a/src/main/java/fr/inria/spirals/testingprojectforbears/Main.java
+++ b/src/main/java/fr/inria/spirals/testingprojectforbears/Main.java
@@ -5,3 +5,3 @@
 	public static int anything(int a, int b) {
-		if (a < 10) {
+		if (b <= 2) {
 			return a + b;

11:31:40.327 [main] INFO  f.i.s.r.p.s.r.n.NopolSingleTestRepair - Classifying patches with mode ODS
11:31:40.928 [main] INFO  spoon.Launcher - Running in NOCLASSPATH mode (doc: http://spoon.gforge.inria.fr/launcher.html).
11:31:41.054 [main] INFO  f.i.s.r.p.s.r.n.NopolSingleTestRepair - The repository won't be forked.
11:31:41.056 [main] INFO  f.i.s.r.p.s.r.n.NopolSingleTestRepair - Serialize all data for build: 203797975
11:31:41.109 [main] INFO  f.i.s.r.p.i.ProjectInspector - ----------------------------------------------------------------------
11:31:41.109 [main] INFO  f.i.s.r.p.i.ProjectInspector - PIPELINE EXECUTION SUMMARY
11:31:41.109 [main] INFO  f.i.s.r.p.i.ProjectInspector - ----------------------------------------------------------------------
11:31:41.109 [main] INFO  f.i.s.r.p.i.ProjectInspector - CloneRepository.......................................SUCCESS [  1 s ]
11:31:41.110 [main] INFO  f.i.s.r.p.i.ProjectInspector - NopolSingleTest.......................................SUCCESS [  6 s ]
11:31:41.110 [main] INFO  f.i.s.r.p.i.ProjectInspector - CheckoutBuggyBuild....................................SUCCESS [  0 s ]
11:31:41.110 [main] INFO  f.i.s.r.p.i.ProjectInspector - TestProject...........................................SUCCESS [ 13 s ]
11:31:41.110 [main] INFO  f.i.s.r.p.i.ProjectInspector - GatherTestInformation.................................SUCCESS [  0 s ]
11:31:41.110 [main] INFO  f.i.s.r.p.i.ProjectInspector - ComputeClasspath......................................SUCCESS [ 11 s ]
11:31:41.110 [main] INFO  f.i.s.r.p.i.ProjectInspector - ComputeSourceDir......................................SUCCESS [  0 s ]
11:31:41.112 [main] INFO  f.i.s.r.p.i.ProjectInspector - ----------------------------------------------------------------------
11:31:41.112 [main] INFO  f.i.s.r.p.i.ProjectInspector - PIPELINE FINDING: PATCHED
11:31:41.112 [main] INFO  f.i.s.r.p.i.ProjectInspector - ----------------------------------------------------------------------
