14:17:41.831 [main] INFO  fr.inria.jtravis.JTravis - No Github token has been given, try to connect using environment information
14:17:42.514 [main] INFO  fr.inria.jtravis.JTravis - GitHub ratelimit: Limit: 60 Remaining: 60 Reset hour: 18:50:46
14:17:43.924 [main] INFO  f.i.s.r.process.git.GitHelper - Init git submodules.
14:17:56.622 [Thread-6] ERROR f.i.s.r.p.m.o.MavenFilterOutputHandler - [ERROR] Failed to execute goal org.apache.maven.plugins:maven-surefire-plugin:2.12.4:test (default-test) on project TestingProject: There are test failures.
14:17:56.624 [Thread-6] ERROR f.i.s.r.p.m.o.MavenFilterOutputHandler - [ERROR] 
14:17:56.625 [Thread-6] ERROR f.i.s.r.p.m.o.MavenFilterOutputHandler - [ERROR] Please refer to /tmp/patch_classification11857281296889932357/fermadeiral/TestingProject/target/surefire-reports for the individual test results.
14:17:56.625 [Thread-6] ERROR f.i.s.r.p.m.o.MavenFilterOutputHandler - [ERROR] -> [Help 1]
14:17:56.634 [Thread-6] ERROR f.i.s.r.p.m.o.MavenFilterOutputHandler - [ERROR] 
14:17:56.635 [Thread-6] ERROR f.i.s.r.p.m.o.MavenFilterOutputHandler - [ERROR] Re-run Maven using the -X switch to enable full debug logging.
14:17:56.635 [Thread-6] ERROR f.i.s.r.p.m.o.MavenFilterOutputHandler - [ERROR] 
14:17:56.636 [Thread-6] ERROR f.i.s.r.p.m.o.MavenFilterOutputHandler - [ERROR] For more information about the errors and possible solutions, please read the following articles:
14:17:56.636 [Thread-6] ERROR f.i.s.r.p.m.o.MavenFilterOutputHandler - [ERROR] [Help 1] http://cwiki.apache.org/confluence/display/MAVEN/MojoFailureException
14:17:57.011 [main] INFO  f.i.s.r.p.s.g.GatherTestInformation - Get the following failing module path: /tmp/patch_classification11857281296889932357/fermadeiral/TestingProject
14:17:57.013 [main] INFO  f.i.s.r.p.s.g.GatherTestInformation - ---Test results---
14:17:57.014 [main] INFO  f.i.s.r.p.s.g.GatherTestInformation -    Total tests: 4
14:17:57.014 [main] INFO  f.i.s.r.p.s.g.GatherTestInformation -    Tests run: 4
14:17:57.014 [main] INFO  f.i.s.r.p.s.g.GatherTestInformation -    Tests passing: 3
14:17:57.014 [main] INFO  f.i.s.r.p.s.g.GatherTestInformation -    Failures: 1
14:17:57.014 [main] INFO  f.i.s.r.p.s.g.GatherTestInformation -    Errors: 0
14:17:57.014 [main] INFO  f.i.s.r.p.s.g.GatherTestInformation -    Skipped: 0
14:18:08.018 [main] INFO  f.i.s.r.p.s.paths.ComputeSourceDir - 1 source dir was found:
14:18:08.019 [main] INFO  f.i.s.r.p.s.paths.ComputeSourceDir - /tmp/patch_classification11857281296889932357/fermadeiral/TestingProject/src/main/java
14:18:08.042 [main] INFO  fr.inria.lille.repair.nopol.NoPol - Source files: [/tmp/patch_classification11857281296889932357/fermadeiral/TestingProject/src/main/java]
14:18:08.042 [main] INFO  fr.inria.lille.repair.nopol.NoPol - Classpath: [file:/tmp/patch_classification11857281296889932357/fermadeiral/TestingProject/.m2/junit/junit/4.11/junit-4.11.jar, file:/tmp/patch_classification11857281296889932357/fermadeiral/TestingProject/.m2/org/hamcrest/hamcrest-core/1.3/hamcrest-core-1.3.jar, file:/tmp/patch_classification11857281296889932357/fermadeiral/TestingProject/target/classes/, file:/tmp/patch_classification11857281296889932357/fermadeiral/TestingProject/target/test-classes/]
14:18:08.043 [main] INFO  fr.inria.lille.repair.nopol.NoPol - Statement type: COND_THEN_PRE
14:18:08.043 [main] INFO  fr.inria.lille.repair.nopol.NoPol - Args: [Tests]
14:18:08.045 [main] INFO  fr.inria.lille.repair.nopol.NoPol - Config: Config{synthesisDepth=3, collectStaticMethods=true, collectStaticFields=false, collectLiterals=false, onlyOneSynthesisResult=false, sortExpressions=true, maxLineInvocationPerTest=250, timeoutMethodInvocation=2000, dataCollectionTimeoutInSecondForSynthesis=900, addWeight=0.19478, subWeight=0.04554, mulWeight=0.0102, divWeight=0.00613, andWeight=0.10597, orWeight=0.05708, eqWeight=0.22798, nEqWeight=0.0, lessEqWeight=0.0255, lessWeight=0.0947, methodCallWeight=0.1, fieldAccessWeight=0.08099, constantWeight=0.14232, variableWeight=0.05195, mode=REPAIR, type=COND_THEN_PRE, synthesis=SMT, oracle=ANGELIC, solver=Z3, solverPath='src/test/resources/z3/z3_for_linux', projectSources=[/tmp/patch_classification11857281296889932357/fermadeiral/TestingProject/src/main/java], projectClasspath='[Ljava.net.URL;@77302d1a', projectTests=[Tests], complianceLevel=8, outputFolder=/tmp/patch_classification11857281296889932357/fermadeiral/TestingProject/repairnator.nopolsingletest.results, json=false}
14:18:08.045 [main] INFO  fr.inria.lille.repair.nopol.NoPol - Available processors (cores): 12
14:18:08.052 [main] INFO  fr.inria.lille.repair.nopol.NoPol - Free memory: 116 MB
14:18:08.052 [main] INFO  fr.inria.lille.repair.nopol.NoPol - Maximum memory: 1 GB
14:18:08.052 [main] INFO  fr.inria.lille.repair.nopol.NoPol - Total memory available to JVM: 153 MB
14:18:08.052 [main] INFO  fr.inria.lille.repair.nopol.NoPol - Java version: null
14:18:08.053 [main] INFO  fr.inria.lille.repair.nopol.NoPol - JAVA_HOME: null
14:18:08.053 [main] INFO  fr.inria.lille.repair.nopol.NoPol - PATH: /home/andre/.scripts:/home/andre/.scripts:/usr/local/sbin:/usr/local/bin:/usr/bin
14:18:08.377 [main] INFO  spoon.Launcher - Running in NOCLASSPATH mode (doc: http://spoon.gforge.inria.fr/launcher.html).
14:18:11.872 [pool-13-thread-1] ERROR x.java.compiler.DynamicClassCompiler - [Compilation errors]
Main.java:24: error: missing return statement
    }
    ^
14:18:11.901 [pool-13-thread-1] ERROR f.i.l.r.n.s.ConstraintModelBuilder - Unable to compile the change: 
public class Main {
    public static int anything(int a, int b) {
        if (a < 10) {
            return a + b;
        } else {
            boolean spoonDefaultValue = false;
            try {
                spoonDefaultValue = true;
            } catch (java.lang.Exception __NopolProcessorException) {
            }
            boolean runtimeAngelicValue = fr.inria.lille.repair.nopol.synth.AngelicExecution.angelicValue(spoonDefaultValue);
            if (fr.inria.lille.commons.trace.RuntimeValues.instance(0).isEnabled()) {
                fr.inria.lille.commons.trace.RuntimeValues.instance(0).collectionStarts();
                try{fr.inria.lille.commons.trace.RuntimeValues.instance(0).collectInput("a",a);} catch (Exception ex1) {ex1.printStackTrace();};
                try{fr.inria.lille.commons.trace.RuntimeValues.instance(0).collectInput("b",b);} catch (Exception ex1) {ex1.printStackTrace();};
                fr.inria.lille.commons.trace.RuntimeValues.instance(0).collectOutput(runtimeAngelicValue);
                fr.inria.lille.commons.trace.RuntimeValues.instance(0).collectionEnds();
            }
            if (runtimeAngelicValue)
                return a - b;

        }
    }

    public static void main(java.lang.String[] args) {
        int a = 1;
        int b = 3;
        int sum = fr.inria.spirals.testingprojectforbears.Main.anything(a, b);
        java.lang.System.out.println(sum);
        a = 10;
        b = 2;
        sum = fr.inria.spirals.testingprojectforbears.Main.anything(a, b);
        java.lang.System.out.println(sum);
    }
}
14:18:11.903 [pool-4-thread-1] ERROR fr.inria.lille.repair.nopol.NoPol - Error ExecutionException java.util.concurrent.ExecutionException: xxl.java.compiler.DynamicCompilationException: Aborting: dynamic compilation failed
14:18:12.752 [pool-15-thread-1] INFO  f.i.l.repair.nopol.patch.TestPatch - Applying patch: fr.inria.spirals.testingprojectforbears.Main:6: CONDITIONAL b <= 2
14:18:13.104 [pool-15-thread-1] INFO  f.i.l.repair.nopol.patch.TestPatch - Running test suite to check the patch "b <= 2" is working
14:18:13.113 [pool-4-thread-1] INFO  fr.inria.lille.repair.nopol.NoPol - ----INFORMATION----
14:18:13.117 [pool-4-thread-1] INFO  fr.inria.lille.repair.nopol.NoPol - Nb classes : 1
14:18:13.117 [pool-4-thread-1] INFO  fr.inria.lille.repair.nopol.NoPol - Nb methods : 2
14:18:13.117 [pool-4-thread-1] INFO  fr.inria.lille.repair.nopol.NoPol - Nb Statements Analyzed : 2
14:18:13.117 [pool-4-thread-1] INFO  fr.inria.lille.repair.nopol.NoPol - Nb Statements with Angelic Value Found : 1
14:18:13.117 [pool-4-thread-1] INFO  fr.inria.lille.repair.nopol.NoPol - Nb inputs in SMT : 4
14:18:13.117 [pool-4-thread-1] INFO  fr.inria.lille.repair.nopol.NoPol - Nb SMT level: 2
14:18:13.117 [pool-4-thread-1] INFO  fr.inria.lille.repair.nopol.NoPol - Nb SMT components: [4] [== of arity: 2, != of arity: 2, < of arity: 2, <= of arity: 2]
14:18:13.117 [pool-4-thread-1] INFO  fr.inria.lille.repair.nopol.NoPol -                   class java.lang.Boolean: 4
14:18:13.117 [pool-4-thread-1] INFO  fr.inria.lille.repair.nopol.NoPol - Nb variables in SMT : 10
14:18:13.118 [pool-4-thread-1] INFO  fr.inria.lille.repair.nopol.NoPol - NoPol Execution time : 5072ms
14:18:13.118 [pool-4-thread-1] INFO  fr.inria.lille.repair.nopol.NoPol - 
14:18:13.118 [pool-4-thread-1] INFO  fr.inria.lille.repair.nopol.NoPol - ----PATCH FOUND----
14:18:13.118 [pool-4-thread-1] INFO  fr.inria.lille.repair.nopol.NoPol - b <= 2
14:18:13.118 [pool-4-thread-1] INFO  fr.inria.lille.repair.nopol.NoPol - Nb test that executes the patch: 4
14:18:13.118 [pool-4-thread-1] INFO  fr.inria.lille.repair.nopol.NoPol - fr.inria.spirals.testingprojectforbears.Main:6: CONDITIONAL
14:18:13.129 [pool-4-thread-1] INFO  fr.inria.lille.repair.nopol.NoPol - --- a/src/main/java/fr/inria/spirals/testingprojectforbears/Main.java
+++ b/src/main/java/fr/inria/spirals/testingprojectforbears/Main.java
@@ -5,3 +5,3 @@
 	public static int anything(int a, int b) {
-		if (a < 10) {
+		if (b <= 2) {
 			return a + b;

14:18:13.197 [main] INFO  f.i.s.r.p.s.r.n.NopolSingleTestRepair - Classifying patches with mode ODS
14:18:13.719 [main] INFO  spoon.Launcher - Running in NOCLASSPATH mode (doc: http://spoon.gforge.inria.fr/launcher.html).
14:18:13.861 [main] INFO  f.i.s.r.p.s.r.n.NopolSingleTestRepair - The repository won't be forked.
14:18:13.863 [main] INFO  f.i.s.r.p.s.r.n.NopolSingleTestRepair - Serialize all data for build: 203797975
14:18:13.906 [main] INFO  f.i.s.r.p.i.ProjectInspector - ----------------------------------------------------------------------
14:18:13.906 [main] INFO  f.i.s.r.p.i.ProjectInspector - PIPELINE EXECUTION SUMMARY
14:18:13.906 [main] INFO  f.i.s.r.p.i.ProjectInspector - ----------------------------------------------------------------------
14:18:13.906 [main] INFO  f.i.s.r.p.i.ProjectInspector - CloneRepository.......................................SUCCESS [  1 s ]
14:18:13.906 [main] INFO  f.i.s.r.p.i.ProjectInspector - NopolSingleTest.......................................SUCCESS [  5 s ]
14:18:13.907 [main] INFO  f.i.s.r.p.i.ProjectInspector - CheckoutBuggyBuild....................................SUCCESS [  0 s ]
14:18:13.907 [main] INFO  f.i.s.r.p.i.ProjectInspector - TestProject...........................................SUCCESS [ 13 s ]
14:18:13.907 [main] INFO  f.i.s.r.p.i.ProjectInspector - GatherTestInformation.................................SUCCESS [  0 s ]
14:18:13.907 [main] INFO  f.i.s.r.p.i.ProjectInspector - ComputeClasspath......................................SUCCESS [ 11 s ]
14:18:13.907 [main] INFO  f.i.s.r.p.i.ProjectInspector - ComputeSourceDir......................................SUCCESS [  0 s ]
14:18:13.909 [main] INFO  f.i.s.r.p.i.ProjectInspector - ----------------------------------------------------------------------
14:18:13.909 [main] INFO  f.i.s.r.p.i.ProjectInspector - PIPELINE FINDING: PATCHED
14:18:13.909 [main] INFO  f.i.s.r.p.i.ProjectInspector - ----------------------------------------------------------------------
14:20:08.042 [main] INFO  fr.inria.jtravis.JTravis - No Github token has been given, try to connect using environment information
14:20:08.735 [main] INFO  fr.inria.jtravis.JTravis - GitHub ratelimit: Limit: 60 Remaining: 59 Reset hour: 18:50:46
14:20:10.171 [main] INFO  f.i.s.r.process.git.GitHelper - Init git submodules.
14:20:22.506 [Thread-6] ERROR f.i.s.r.p.m.o.MavenFilterOutputHandler - [ERROR] Failed to execute goal org.apache.maven.plugins:maven-surefire-plugin:2.12.4:test (default-test) on project TestingProject: There are test failures.
14:20:22.507 [Thread-6] ERROR f.i.s.r.p.m.o.MavenFilterOutputHandler - [ERROR] 
14:20:22.508 [Thread-6] ERROR f.i.s.r.p.m.o.MavenFilterOutputHandler - [ERROR] Please refer to /tmp/patch_classification7046539297966462489/fermadeiral/TestingProject/target/surefire-reports for the individual test results.
14:20:22.508 [Thread-6] ERROR f.i.s.r.p.m.o.MavenFilterOutputHandler - [ERROR] -> [Help 1]
14:20:22.511 [Thread-6] ERROR f.i.s.r.p.m.o.MavenFilterOutputHandler - [ERROR] 
14:20:22.511 [Thread-6] ERROR f.i.s.r.p.m.o.MavenFilterOutputHandler - [ERROR] Re-run Maven using the -X switch to enable full debug logging.
14:20:22.511 [Thread-6] ERROR f.i.s.r.p.m.o.MavenFilterOutputHandler - [ERROR] 
14:20:22.512 [Thread-6] ERROR f.i.s.r.p.m.o.MavenFilterOutputHandler - [ERROR] For more information about the errors and possible solutions, please read the following articles:
14:20:22.512 [Thread-6] ERROR f.i.s.r.p.m.o.MavenFilterOutputHandler - [ERROR] [Help 1] http://cwiki.apache.org/confluence/display/MAVEN/MojoFailureException
14:20:23.283 [main] INFO  f.i.s.r.p.s.g.GatherTestInformation - Get the following failing module path: /tmp/patch_classification7046539297966462489/fermadeiral/TestingProject
14:20:23.286 [main] INFO  f.i.s.r.p.s.g.GatherTestInformation - ---Test results---
14:20:23.287 [main] INFO  f.i.s.r.p.s.g.GatherTestInformation -    Total tests: 4
14:20:23.287 [main] INFO  f.i.s.r.p.s.g.GatherTestInformation -    Tests run: 4
14:20:23.287 [main] INFO  f.i.s.r.p.s.g.GatherTestInformation -    Tests passing: 3
14:20:23.288 [main] INFO  f.i.s.r.p.s.g.GatherTestInformation -    Failures: 1
14:20:23.288 [main] INFO  f.i.s.r.p.s.g.GatherTestInformation -    Errors: 0
14:20:23.288 [main] INFO  f.i.s.r.p.s.g.GatherTestInformation -    Skipped: 0
14:20:34.292 [main] INFO  f.i.s.r.p.s.paths.ComputeSourceDir - 1 source dir was found:
14:20:34.293 [main] INFO  f.i.s.r.p.s.paths.ComputeSourceDir - /tmp/patch_classification7046539297966462489/fermadeiral/TestingProject/src/main/java
14:20:34.327 [main] INFO  fr.inria.lille.repair.nopol.NoPol - Source files: [/tmp/patch_classification7046539297966462489/fermadeiral/TestingProject/src/main/java]
14:20:34.327 [main] INFO  fr.inria.lille.repair.nopol.NoPol - Classpath: [file:/tmp/patch_classification7046539297966462489/fermadeiral/TestingProject/.m2/junit/junit/4.11/junit-4.11.jar, file:/tmp/patch_classification7046539297966462489/fermadeiral/TestingProject/.m2/org/hamcrest/hamcrest-core/1.3/hamcrest-core-1.3.jar, file:/tmp/patch_classification7046539297966462489/fermadeiral/TestingProject/target/classes/, file:/tmp/patch_classification7046539297966462489/fermadeiral/TestingProject/target/test-classes/]
14:20:34.327 [main] INFO  fr.inria.lille.repair.nopol.NoPol - Statement type: COND_THEN_PRE
14:20:34.327 [main] INFO  fr.inria.lille.repair.nopol.NoPol - Args: [Tests]
14:20:34.329 [main] INFO  fr.inria.lille.repair.nopol.NoPol - Config: Config{synthesisDepth=3, collectStaticMethods=true, collectStaticFields=false, collectLiterals=false, onlyOneSynthesisResult=false, sortExpressions=true, maxLineInvocationPerTest=250, timeoutMethodInvocation=2000, dataCollectionTimeoutInSecondForSynthesis=900, addWeight=0.19478, subWeight=0.04554, mulWeight=0.0102, divWeight=0.00613, andWeight=0.10597, orWeight=0.05708, eqWeight=0.22798, nEqWeight=0.0, lessEqWeight=0.0255, lessWeight=0.0947, methodCallWeight=0.1, fieldAccessWeight=0.08099, constantWeight=0.14232, variableWeight=0.05195, mode=REPAIR, type=COND_THEN_PRE, synthesis=SMT, oracle=ANGELIC, solver=Z3, solverPath='src/test/resources/z3/z3_for_linux', projectSources=[/tmp/patch_classification7046539297966462489/fermadeiral/TestingProject/src/main/java], projectClasspath='[Ljava.net.URL;@77302d1a', projectTests=[Tests], complianceLevel=8, outputFolder=/tmp/patch_classification7046539297966462489/fermadeiral/TestingProject/repairnator.nopolsingletest.results, json=false}
14:20:34.330 [main] INFO  fr.inria.lille.repair.nopol.NoPol - Available processors (cores): 12
14:20:34.338 [main] INFO  fr.inria.lille.repair.nopol.NoPol - Free memory: 142 MB
14:20:34.338 [main] INFO  fr.inria.lille.repair.nopol.NoPol - Maximum memory: 1 GB
14:20:34.338 [main] INFO  fr.inria.lille.repair.nopol.NoPol - Total memory available to JVM: 183 MB
14:20:34.338 [main] INFO  fr.inria.lille.repair.nopol.NoPol - Java version: null
14:20:34.338 [main] INFO  fr.inria.lille.repair.nopol.NoPol - JAVA_HOME: null
14:20:34.339 [main] INFO  fr.inria.lille.repair.nopol.NoPol - PATH: /home/andre/.scripts:/home/andre/.scripts:/usr/local/sbin:/usr/local/bin:/usr/bin
14:20:34.559 [main] INFO  spoon.Launcher - Running in NOCLASSPATH mode (doc: http://spoon.gforge.inria.fr/launcher.html).
14:20:37.552 [pool-13-thread-1] ERROR x.java.compiler.DynamicClassCompiler - [Compilation errors]
Main.java:24: error: missing return statement
    }
    ^
14:20:37.570 [pool-13-thread-1] ERROR f.i.l.r.n.s.ConstraintModelBuilder - Unable to compile the change: 
public class Main {
    public static int anything(int a, int b) {
        if (a < 10) {
            return a + b;
        } else {
            boolean spoonDefaultValue = false;
            try {
                spoonDefaultValue = true;
            } catch (java.lang.Exception __NopolProcessorException) {
            }
            boolean runtimeAngelicValue = fr.inria.lille.repair.nopol.synth.AngelicExecution.angelicValue(spoonDefaultValue);
            if (fr.inria.lille.commons.trace.RuntimeValues.instance(0).isEnabled()) {
                fr.inria.lille.commons.trace.RuntimeValues.instance(0).collectionStarts();
                try{fr.inria.lille.commons.trace.RuntimeValues.instance(0).collectInput("a",a);} catch (Exception ex1) {ex1.printStackTrace();};
                try{fr.inria.lille.commons.trace.RuntimeValues.instance(0).collectInput("b",b);} catch (Exception ex1) {ex1.printStackTrace();};
                fr.inria.lille.commons.trace.RuntimeValues.instance(0).collectOutput(runtimeAngelicValue);
                fr.inria.lille.commons.trace.RuntimeValues.instance(0).collectionEnds();
            }
            if (runtimeAngelicValue)
                return a - b;

        }
    }

    public static void main(java.lang.String[] args) {
        int a = 1;
        int b = 3;
        int sum = fr.inria.spirals.testingprojectforbears.Main.anything(a, b);
        java.lang.System.out.println(sum);
        a = 10;
        b = 2;
        sum = fr.inria.spirals.testingprojectforbears.Main.anything(a, b);
        java.lang.System.out.println(sum);
    }
}
14:20:37.571 [pool-4-thread-1] ERROR fr.inria.lille.repair.nopol.NoPol - Error ExecutionException java.util.concurrent.ExecutionException: xxl.java.compiler.DynamicCompilationException: Aborting: dynamic compilation failed
14:20:38.230 [pool-15-thread-1] INFO  f.i.l.repair.nopol.patch.TestPatch - Applying patch: fr.inria.spirals.testingprojectforbears.Main:6: CONDITIONAL b <= 2
14:20:38.521 [pool-15-thread-1] INFO  f.i.l.repair.nopol.patch.TestPatch - Running test suite to check the patch "b <= 2" is working
14:20:38.527 [pool-4-thread-1] INFO  fr.inria.lille.repair.nopol.NoPol - ----INFORMATION----
14:20:38.530 [pool-4-thread-1] INFO  fr.inria.lille.repair.nopol.NoPol - Nb classes : 1
14:20:38.531 [pool-4-thread-1] INFO  fr.inria.lille.repair.nopol.NoPol - Nb methods : 2
14:20:38.531 [pool-4-thread-1] INFO  fr.inria.lille.repair.nopol.NoPol - Nb Statements Analyzed : 2
14:20:38.531 [pool-4-thread-1] INFO  fr.inria.lille.repair.nopol.NoPol - Nb Statements with Angelic Value Found : 1
14:20:38.531 [pool-4-thread-1] INFO  fr.inria.lille.repair.nopol.NoPol - Nb inputs in SMT : 4
14:20:38.531 [pool-4-thread-1] INFO  fr.inria.lille.repair.nopol.NoPol - Nb SMT level: 2
14:20:38.531 [pool-4-thread-1] INFO  fr.inria.lille.repair.nopol.NoPol - Nb SMT components: [4] [== of arity: 2, != of arity: 2, < of arity: 2, <= of arity: 2]
14:20:38.531 [pool-4-thread-1] INFO  fr.inria.lille.repair.nopol.NoPol -                   class java.lang.Boolean: 4
14:20:38.531 [pool-4-thread-1] INFO  fr.inria.lille.repair.nopol.NoPol - Nb variables in SMT : 10
14:20:38.531 [pool-4-thread-1] INFO  fr.inria.lille.repair.nopol.NoPol - NoPol Execution time : 4201ms
14:20:38.531 [pool-4-thread-1] INFO  fr.inria.lille.repair.nopol.NoPol - 
14:20:38.531 [pool-4-thread-1] INFO  fr.inria.lille.repair.nopol.NoPol - ----PATCH FOUND----
14:20:38.532 [pool-4-thread-1] INFO  fr.inria.lille.repair.nopol.NoPol - b <= 2
14:20:38.532 [pool-4-thread-1] INFO  fr.inria.lille.repair.nopol.NoPol - Nb test that executes the patch: 4
14:20:38.532 [pool-4-thread-1] INFO  fr.inria.lille.repair.nopol.NoPol - fr.inria.spirals.testingprojectforbears.Main:6: CONDITIONAL
14:20:38.548 [pool-4-thread-1] INFO  fr.inria.lille.repair.nopol.NoPol - --- a/src/main/java/fr/inria/spirals/testingprojectforbears/Main.java
+++ b/src/main/java/fr/inria/spirals/testingprojectforbears/Main.java
@@ -5,3 +5,3 @@
 	public static int anything(int a, int b) {
-		if (a < 10) {
+		if (b <= 2) {
 			return a + b;

14:20:38.618 [main] INFO  f.i.s.r.p.s.r.n.NopolSingleTestRepair - Classifying patches with mode ODS
14:20:39.126 [main] INFO  spoon.Launcher - Running in NOCLASSPATH mode (doc: http://spoon.gforge.inria.fr/launcher.html).
14:20:39.243 [main] INFO  f.i.s.r.p.s.r.n.NopolSingleTestRepair - The repository won't be forked.
14:20:39.246 [main] INFO  f.i.s.r.p.s.r.n.NopolSingleTestRepair - Serialize all data for build: 203797975
14:20:39.302 [main] INFO  f.i.s.r.p.i.ProjectInspector - ----------------------------------------------------------------------
14:20:39.302 [main] INFO  f.i.s.r.p.i.ProjectInspector - PIPELINE EXECUTION SUMMARY
14:20:39.302 [main] INFO  f.i.s.r.p.i.ProjectInspector - ----------------------------------------------------------------------
14:20:39.302 [main] INFO  f.i.s.r.p.i.ProjectInspector - CloneRepository.......................................SUCCESS [  1 s ]
14:20:39.302 [main] INFO  f.i.s.r.p.i.ProjectInspector - NopolSingleTest.......................................SUCCESS [  4 s ]
14:20:39.302 [main] INFO  f.i.s.r.p.i.ProjectInspector - CheckoutBuggyBuild....................................SUCCESS [  0 s ]
14:20:39.303 [main] INFO  f.i.s.r.p.i.ProjectInspector - TestProject...........................................SUCCESS [ 13 s ]
14:20:39.303 [main] INFO  f.i.s.r.p.i.ProjectInspector - GatherTestInformation.................................SUCCESS [  0 s ]
14:20:39.303 [main] INFO  f.i.s.r.p.i.ProjectInspector - ComputeClasspath......................................SUCCESS [ 11 s ]
14:20:39.303 [main] INFO  f.i.s.r.p.i.ProjectInspector - ComputeSourceDir......................................SUCCESS [  0 s ]
14:20:39.305 [main] INFO  f.i.s.r.p.i.ProjectInspector - ----------------------------------------------------------------------
14:20:39.305 [main] INFO  f.i.s.r.p.i.ProjectInspector - PIPELINE FINDING: PATCHED
14:20:39.305 [main] INFO  f.i.s.r.p.i.ProjectInspector - ----------------------------------------------------------------------
