11:57:14.719 [main] INFO  fr.inria.jtravis.JTravis - No Github token has been given, try to connect using environment information
11:57:15.411 [main] INFO  fr.inria.jtravis.JTravis - GitHub ratelimit: Limit: 60 Remaining: 59 Reset hour: 18:23:16
11:57:17.309 [main] INFO  f.i.s.r.process.git.GitHelper - Init git submodules.
11:57:29.390 [Thread-6] ERROR f.i.s.r.p.m.o.MavenFilterOutputHandler - [ERROR] Failed to execute goal org.apache.maven.plugins:maven-surefire-plugin:2.12.4:test (default-test) on project TestingProject: There are test failures.
11:57:29.392 [Thread-6] ERROR f.i.s.r.p.m.o.MavenFilterOutputHandler - [ERROR] 
11:57:29.393 [Thread-6] ERROR f.i.s.r.p.m.o.MavenFilterOutputHandler - [ERROR] Please refer to /tmp/patch_classification5504066504387499157/fermadeiral/TestingProject/target/surefire-reports for the individual test results.
11:57:29.393 [Thread-6] ERROR f.i.s.r.p.m.o.MavenFilterOutputHandler - [ERROR] -> [Help 1]
11:57:29.410 [Thread-6] ERROR f.i.s.r.p.m.o.MavenFilterOutputHandler - [ERROR] 
11:57:29.411 [Thread-6] ERROR f.i.s.r.p.m.o.MavenFilterOutputHandler - [ERROR] Re-run Maven using the -X switch to enable full debug logging.
11:57:29.412 [Thread-6] ERROR f.i.s.r.p.m.o.MavenFilterOutputHandler - [ERROR] 
11:57:29.412 [Thread-6] ERROR f.i.s.r.p.m.o.MavenFilterOutputHandler - [ERROR] For more information about the errors and possible solutions, please read the following articles:
11:57:29.412 [Thread-6] ERROR f.i.s.r.p.m.o.MavenFilterOutputHandler - [ERROR] [Help 1] http://cwiki.apache.org/confluence/display/MAVEN/MojoFailureException
11:57:30.413 [main] INFO  f.i.s.r.p.s.g.GatherTestInformation - Get the following failing module path: /tmp/patch_classification5504066504387499157/fermadeiral/TestingProject
11:57:30.417 [main] INFO  f.i.s.r.p.s.g.GatherTestInformation - ---Test results---
11:57:30.418 [main] INFO  f.i.s.r.p.s.g.GatherTestInformation -    Total tests: 4
11:57:30.418 [main] INFO  f.i.s.r.p.s.g.GatherTestInformation -    Tests run: 4
11:57:30.419 [main] INFO  f.i.s.r.p.s.g.GatherTestInformation -    Tests passing: 3
11:57:30.419 [main] INFO  f.i.s.r.p.s.g.GatherTestInformation -    Failures: 1
11:57:30.419 [main] INFO  f.i.s.r.p.s.g.GatherTestInformation -    Errors: 0
11:57:30.420 [main] INFO  f.i.s.r.p.s.g.GatherTestInformation -    Skipped: 0
11:57:40.425 [main] INFO  f.i.s.r.p.s.paths.ComputeSourceDir - 1 source dir was found:
11:57:40.426 [main] INFO  f.i.s.r.p.s.paths.ComputeSourceDir - /tmp/patch_classification5504066504387499157/fermadeiral/TestingProject/src/main/java
11:57:40.455 [main] INFO  fr.inria.lille.repair.nopol.NoPol - Source files: [/tmp/patch_classification5504066504387499157/fermadeiral/TestingProject/src/main/java]
11:57:40.456 [main] INFO  fr.inria.lille.repair.nopol.NoPol - Classpath: [file:/tmp/patch_classification5504066504387499157/fermadeiral/TestingProject/.m2/junit/junit/4.11/junit-4.11.jar, file:/tmp/patch_classification5504066504387499157/fermadeiral/TestingProject/.m2/org/hamcrest/hamcrest-core/1.3/hamcrest-core-1.3.jar, file:/tmp/patch_classification5504066504387499157/fermadeiral/TestingProject/target/classes/, file:/tmp/patch_classification5504066504387499157/fermadeiral/TestingProject/target/test-classes/]
11:57:40.457 [main] INFO  fr.inria.lille.repair.nopol.NoPol - Statement type: COND_THEN_PRE
11:57:40.457 [main] INFO  fr.inria.lille.repair.nopol.NoPol - Args: [Tests]
11:57:40.462 [main] INFO  fr.inria.lille.repair.nopol.NoPol - Config: Config{synthesisDepth=3, collectStaticMethods=true, collectStaticFields=false, collectLiterals=false, onlyOneSynthesisResult=false, sortExpressions=true, maxLineInvocationPerTest=250, timeoutMethodInvocation=2000, dataCollectionTimeoutInSecondForSynthesis=900, addWeight=0.19478, subWeight=0.04554, mulWeight=0.0102, divWeight=0.00613, andWeight=0.10597, orWeight=0.05708, eqWeight=0.22798, nEqWeight=0.0, lessEqWeight=0.0255, lessWeight=0.0947, methodCallWeight=0.1, fieldAccessWeight=0.08099, constantWeight=0.14232, variableWeight=0.05195, mode=REPAIR, type=COND_THEN_PRE, synthesis=SMT, oracle=ANGELIC, solver=Z3, solverPath='src/test/resources/z3/z3_for_linux', projectSources=[/tmp/patch_classification5504066504387499157/fermadeiral/TestingProject/src/main/java], projectClasspath='[Ljava.net.URL;@6e945db2', projectTests=[Tests], complianceLevel=8, outputFolder=/tmp/patch_classification5504066504387499157/fermadeiral/TestingProject/repairnator.nopolsingletest.results, json=false}
11:57:40.463 [main] INFO  fr.inria.lille.repair.nopol.NoPol - Available processors (cores): 12
11:57:40.481 [main] INFO  fr.inria.lille.repair.nopol.NoPol - Free memory: 113 MB
11:57:40.482 [main] INFO  fr.inria.lille.repair.nopol.NoPol - Maximum memory: 1 GB
11:57:40.482 [main] INFO  fr.inria.lille.repair.nopol.NoPol - Total memory available to JVM: 155 MB
11:57:40.483 [main] INFO  fr.inria.lille.repair.nopol.NoPol - Java version: null
11:57:40.483 [main] INFO  fr.inria.lille.repair.nopol.NoPol - JAVA_HOME: null
11:57:40.483 [main] INFO  fr.inria.lille.repair.nopol.NoPol - PATH: /home/andre/.scripts:/home/andre/.scripts:/usr/local/sbin:/usr/local/bin:/usr/bin
11:57:40.711 [main] INFO  spoon.Launcher - Running in NOCLASSPATH mode (doc: http://spoon.gforge.inria.fr/launcher.html).
11:57:43.919 [pool-13-thread-1] ERROR x.java.compiler.DynamicClassCompiler - [Compilation errors]
Main.java:24: error: missing return statement
    }
    ^
11:57:43.938 [pool-13-thread-1] ERROR f.i.l.r.n.s.ConstraintModelBuilder - Unable to compile the change: 
public class Main {
    public static int anything(int a, int b) {
        if (a < 10) {
            return a + b;
        } else {
            boolean spoonDefaultValue = false;
            try {
                spoonDefaultValue = true;
            } catch (java.lang.Exception __NopolProcessorException) {
            }
            boolean runtimeAngelicValue = fr.inria.lille.repair.nopol.synth.AngelicExecution.angelicValue(spoonDefaultValue);
            if (fr.inria.lille.commons.trace.RuntimeValues.instance(0).isEnabled()) {
                fr.inria.lille.commons.trace.RuntimeValues.instance(0).collectionStarts();
                try{fr.inria.lille.commons.trace.RuntimeValues.instance(0).collectInput("a",a);} catch (Exception ex1) {ex1.printStackTrace();};
                try{fr.inria.lille.commons.trace.RuntimeValues.instance(0).collectInput("b",b);} catch (Exception ex1) {ex1.printStackTrace();};
                fr.inria.lille.commons.trace.RuntimeValues.instance(0).collectOutput(runtimeAngelicValue);
                fr.inria.lille.commons.trace.RuntimeValues.instance(0).collectionEnds();
            }
            if (runtimeAngelicValue)
                return a - b;

        }
    }

    public static void main(java.lang.String[] args) {
        int a = 1;
        int b = 3;
        int sum = fr.inria.spirals.testingprojectforbears.Main.anything(a, b);
        java.lang.System.out.println(sum);
        a = 10;
        b = 2;
        sum = fr.inria.spirals.testingprojectforbears.Main.anything(a, b);
        java.lang.System.out.println(sum);
    }
}
11:57:43.939 [pool-4-thread-1] ERROR fr.inria.lille.repair.nopol.NoPol - Error ExecutionException java.util.concurrent.ExecutionException: xxl.java.compiler.DynamicCompilationException: Aborting: dynamic compilation failed
11:57:44.638 [pool-15-thread-1] INFO  f.i.l.repair.nopol.patch.TestPatch - Applying patch: fr.inria.spirals.testingprojectforbears.Main:6: CONDITIONAL b <= 2
11:57:44.949 [pool-15-thread-1] INFO  f.i.l.repair.nopol.patch.TestPatch - Running test suite to check the patch "b <= 2" is working
11:57:44.957 [pool-4-thread-1] INFO  fr.inria.lille.repair.nopol.NoPol - ----INFORMATION----
11:57:44.960 [pool-4-thread-1] INFO  fr.inria.lille.repair.nopol.NoPol - Nb classes : 1
11:57:44.960 [pool-4-thread-1] INFO  fr.inria.lille.repair.nopol.NoPol - Nb methods : 2
11:57:44.960 [pool-4-thread-1] INFO  fr.inria.lille.repair.nopol.NoPol - Nb Statements Analyzed : 2
11:57:44.960 [pool-4-thread-1] INFO  fr.inria.lille.repair.nopol.NoPol - Nb Statements with Angelic Value Found : 1
11:57:44.960 [pool-4-thread-1] INFO  fr.inria.lille.repair.nopol.NoPol - Nb inputs in SMT : 4
11:57:44.960 [pool-4-thread-1] INFO  fr.inria.lille.repair.nopol.NoPol - Nb SMT level: 2
11:57:44.961 [pool-4-thread-1] INFO  fr.inria.lille.repair.nopol.NoPol - Nb SMT components: [4] [== of arity: 2, != of arity: 2, < of arity: 2, <= of arity: 2]
11:57:44.961 [pool-4-thread-1] INFO  fr.inria.lille.repair.nopol.NoPol -                   class java.lang.Boolean: 4
11:57:44.961 [pool-4-thread-1] INFO  fr.inria.lille.repair.nopol.NoPol - Nb variables in SMT : 10
11:57:44.961 [pool-4-thread-1] INFO  fr.inria.lille.repair.nopol.NoPol - NoPol Execution time : 4502ms
11:57:44.961 [pool-4-thread-1] INFO  fr.inria.lille.repair.nopol.NoPol - 
11:57:44.961 [pool-4-thread-1] INFO  fr.inria.lille.repair.nopol.NoPol - ----PATCH FOUND----
11:57:44.961 [pool-4-thread-1] INFO  fr.inria.lille.repair.nopol.NoPol - b <= 2
11:57:44.961 [pool-4-thread-1] INFO  fr.inria.lille.repair.nopol.NoPol - Nb test that executes the patch: 4
11:57:44.961 [pool-4-thread-1] INFO  fr.inria.lille.repair.nopol.NoPol - fr.inria.spirals.testingprojectforbears.Main:6: CONDITIONAL
11:57:44.983 [pool-4-thread-1] INFO  fr.inria.lille.repair.nopol.NoPol - --- a/src/main/java/fr/inria/spirals/testingprojectforbears/Main.java
+++ b/src/main/java/fr/inria/spirals/testingprojectforbears/Main.java
@@ -5,3 +5,3 @@
 	public static int anything(int a, int b) {
-		if (a < 10) {
+		if (b <= 2) {
 			return a + b;

11:57:45.058 [main] INFO  f.i.s.r.p.s.r.n.NopolSingleTestRepair - Classifying patches with mode ODS
11:57:45.513 [main] INFO  spoon.Launcher - Running in NOCLASSPATH mode (doc: http://spoon.gforge.inria.fr/launcher.html).
11:57:45.625 [main] INFO  f.i.s.r.p.s.r.n.NopolSingleTestRepair - The repository won't be forked.
11:57:45.626 [main] INFO  f.i.s.r.p.s.r.n.NopolSingleTestRepair - Serialize all data for build: 203797975
11:57:45.671 [main] INFO  f.i.s.r.p.i.ProjectInspector - ----------------------------------------------------------------------
11:57:45.671 [main] INFO  f.i.s.r.p.i.ProjectInspector - PIPELINE EXECUTION SUMMARY
11:57:45.671 [main] INFO  f.i.s.r.p.i.ProjectInspector - ----------------------------------------------------------------------
11:57:45.672 [main] INFO  f.i.s.r.p.i.ProjectInspector - CloneRepository.......................................SUCCESS [  1 s ]
11:57:45.672 [main] INFO  f.i.s.r.p.i.ProjectInspector - NopolSingleTest.......................................SUCCESS [  5 s ]
11:57:45.672 [main] INFO  f.i.s.r.p.i.ProjectInspector - CheckoutBuggyBuild....................................SUCCESS [  0 s ]
11:57:45.672 [main] INFO  f.i.s.r.p.i.ProjectInspector - TestProject...........................................SUCCESS [ 13 s ]
11:57:45.672 [main] INFO  f.i.s.r.p.i.ProjectInspector - GatherTestInformation.................................SUCCESS [  0 s ]
11:57:45.672 [main] INFO  f.i.s.r.p.i.ProjectInspector - ComputeClasspath......................................SUCCESS [ 10 s ]
11:57:45.672 [main] INFO  f.i.s.r.p.i.ProjectInspector - ComputeSourceDir......................................SUCCESS [  0 s ]
11:57:45.674 [main] INFO  f.i.s.r.p.i.ProjectInspector - ----------------------------------------------------------------------
11:57:45.674 [main] INFO  f.i.s.r.p.i.ProjectInspector - PIPELINE FINDING: PATCHED
11:57:45.674 [main] INFO  f.i.s.r.p.i.ProjectInspector - ----------------------------------------------------------------------
