14:59:28.561 [main] INFO  fr.inria.jtravis.JTravis - No Github token has been given, try to connect using environment information
14:59:29.317 [main] INFO  fr.inria.jtravis.JTravis - GitHub ratelimit: Limit: 60 Remaining: 59 Reset hour: 18:22:00
14:59:31.024 [main] INFO  f.i.s.r.process.git.GitHelper - Init git submodules.
14:59:43.446 [Thread-6] ERROR f.i.s.r.p.m.o.MavenFilterOutputHandler - [ERROR] Failed to execute goal org.apache.maven.plugins:maven-surefire-plugin:2.12.4:test (default-test) on project TestingProject: There are test failures.
14:59:43.448 [Thread-6] ERROR f.i.s.r.p.m.o.MavenFilterOutputHandler - [ERROR] 
14:59:43.448 [Thread-6] ERROR f.i.s.r.p.m.o.MavenFilterOutputHandler - [ERROR] Please refer to /tmp/patch_classification864719373821534219/fermadeiral/TestingProject/target/surefire-reports for the individual test results.
14:59:43.449 [Thread-6] ERROR f.i.s.r.p.m.o.MavenFilterOutputHandler - [ERROR] -> [Help 1]
14:59:43.461 [Thread-6] ERROR f.i.s.r.p.m.o.MavenFilterOutputHandler - [ERROR] 
14:59:43.461 [Thread-6] ERROR f.i.s.r.p.m.o.MavenFilterOutputHandler - [ERROR] Re-run Maven using the -X switch to enable full debug logging.
14:59:43.461 [Thread-6] ERROR f.i.s.r.p.m.o.MavenFilterOutputHandler - [ERROR] 
14:59:43.461 [Thread-6] ERROR f.i.s.r.p.m.o.MavenFilterOutputHandler - [ERROR] For more information about the errors and possible solutions, please read the following articles:
14:59:43.462 [Thread-6] ERROR f.i.s.r.p.m.o.MavenFilterOutputHandler - [ERROR] [Help 1] http://cwiki.apache.org/confluence/display/MAVEN/MojoFailureException
14:59:44.144 [main] INFO  f.i.s.r.p.s.g.GatherTestInformation - Get the following failing module path: /tmp/patch_classification864719373821534219/fermadeiral/TestingProject
14:59:44.149 [main] INFO  f.i.s.r.p.s.g.GatherTestInformation - ---Test results---
14:59:44.150 [main] INFO  f.i.s.r.p.s.g.GatherTestInformation -    Total tests: 4
14:59:44.150 [main] INFO  f.i.s.r.p.s.g.GatherTestInformation -    Tests run: 4
14:59:44.150 [main] INFO  f.i.s.r.p.s.g.GatherTestInformation -    Tests passing: 3
14:59:44.150 [main] INFO  f.i.s.r.p.s.g.GatherTestInformation -    Failures: 1
14:59:44.150 [main] INFO  f.i.s.r.p.s.g.GatherTestInformation -    Errors: 0
14:59:44.150 [main] INFO  f.i.s.r.p.s.g.GatherTestInformation -    Skipped: 0
14:59:55.156 [main] INFO  f.i.s.r.p.s.paths.ComputeSourceDir - 1 source dir was found:
14:59:55.156 [main] INFO  f.i.s.r.p.s.paths.ComputeSourceDir - /tmp/patch_classification864719373821534219/fermadeiral/TestingProject/src/main/java
14:59:55.194 [main] INFO  fr.inria.lille.repair.nopol.NoPol - Source files: [/tmp/patch_classification864719373821534219/fermadeiral/TestingProject/src/main/java]
14:59:55.195 [main] INFO  fr.inria.lille.repair.nopol.NoPol - Classpath: [file:/tmp/patch_classification864719373821534219/fermadeiral/TestingProject/.m2/junit/junit/4.11/junit-4.11.jar, file:/tmp/patch_classification864719373821534219/fermadeiral/TestingProject/.m2/org/hamcrest/hamcrest-core/1.3/hamcrest-core-1.3.jar, file:/tmp/patch_classification864719373821534219/fermadeiral/TestingProject/target/classes/, file:/tmp/patch_classification864719373821534219/fermadeiral/TestingProject/target/test-classes/]
14:59:55.196 [main] INFO  fr.inria.lille.repair.nopol.NoPol - Statement type: COND_THEN_PRE
14:59:55.196 [main] INFO  fr.inria.lille.repair.nopol.NoPol - Args: [Tests]
14:59:55.200 [main] INFO  fr.inria.lille.repair.nopol.NoPol - Config: Config{synthesisDepth=3, collectStaticMethods=true, collectStaticFields=false, collectLiterals=false, onlyOneSynthesisResult=false, sortExpressions=true, maxLineInvocationPerTest=250, timeoutMethodInvocation=2000, dataCollectionTimeoutInSecondForSynthesis=900, addWeight=0.19478, subWeight=0.04554, mulWeight=0.0102, divWeight=0.00613, andWeight=0.10597, orWeight=0.05708, eqWeight=0.22798, nEqWeight=0.0, lessEqWeight=0.0255, lessWeight=0.0947, methodCallWeight=0.1, fieldAccessWeight=0.08099, constantWeight=0.14232, variableWeight=0.05195, mode=REPAIR, type=COND_THEN_PRE, synthesis=SMT, oracle=ANGELIC, solver=Z3, solverPath='src/test/resources/z3/z3_for_linux', projectSources=[/tmp/patch_classification864719373821534219/fermadeiral/TestingProject/src/main/java], projectClasspath='[Ljava.net.URL;@33299272', projectTests=[Tests], complianceLevel=8, outputFolder=/tmp/patch_classification864719373821534219/fermadeiral/TestingProject/repairnator.nopolsingletest.results, json=false}
14:59:55.200 [main] INFO  fr.inria.lille.repair.nopol.NoPol - Available processors (cores): 12
14:59:55.215 [main] INFO  fr.inria.lille.repair.nopol.NoPol - Free memory: 110 MB
14:59:55.215 [main] INFO  fr.inria.lille.repair.nopol.NoPol - Maximum memory: 1 GB
14:59:55.216 [main] INFO  fr.inria.lille.repair.nopol.NoPol - Total memory available to JVM: 152 MB
14:59:55.216 [main] INFO  fr.inria.lille.repair.nopol.NoPol - Java version: null
14:59:55.216 [main] INFO  fr.inria.lille.repair.nopol.NoPol - JAVA_HOME: null
14:59:55.217 [main] INFO  fr.inria.lille.repair.nopol.NoPol - PATH: /home/andre/.scripts:/home/andre/.scripts:/usr/local/sbin:/usr/local/bin:/usr/bin
14:59:55.445 [main] INFO  spoon.Launcher - Running in NOCLASSPATH mode (doc: http://spoon.gforge.inria.fr/launcher.html).
14:59:58.547 [pool-13-thread-1] ERROR x.java.compiler.DynamicClassCompiler - [Compilation errors]
Main.java:24: error: missing return statement
    }
    ^
14:59:58.571 [pool-13-thread-1] ERROR f.i.l.r.n.s.ConstraintModelBuilder - Unable to compile the change: 
public class Main {
    public static int anything(int a, int b) {
        if (a < 10) {
            return a + b;
        } else {
            boolean spoonDefaultValue = false;
            try {
                spoonDefaultValue = true;
            } catch (java.lang.Exception __NopolProcessorException) {
            }
            boolean runtimeAngelicValue = fr.inria.lille.repair.nopol.synth.AngelicExecution.angelicValue(spoonDefaultValue);
            if (fr.inria.lille.commons.trace.RuntimeValues.instance(0).isEnabled()) {
                fr.inria.lille.commons.trace.RuntimeValues.instance(0).collectionStarts();
                try{fr.inria.lille.commons.trace.RuntimeValues.instance(0).collectInput("a",a);} catch (Exception ex1) {ex1.printStackTrace();};
                try{fr.inria.lille.commons.trace.RuntimeValues.instance(0).collectInput("b",b);} catch (Exception ex1) {ex1.printStackTrace();};
                fr.inria.lille.commons.trace.RuntimeValues.instance(0).collectOutput(runtimeAngelicValue);
                fr.inria.lille.commons.trace.RuntimeValues.instance(0).collectionEnds();
            }
            if (runtimeAngelicValue)
                return a - b;

        }
    }

    public static void main(java.lang.String[] args) {
        int a = 1;
        int b = 3;
        int sum = fr.inria.spirals.testingprojectforbears.Main.anything(a, b);
        java.lang.System.out.println(sum);
        a = 10;
        b = 2;
        sum = fr.inria.spirals.testingprojectforbears.Main.anything(a, b);
        java.lang.System.out.println(sum);
    }
}
14:59:58.572 [pool-4-thread-1] ERROR fr.inria.lille.repair.nopol.NoPol - Error ExecutionException java.util.concurrent.ExecutionException: xxl.java.compiler.DynamicCompilationException: Aborting: dynamic compilation failed
14:59:59.248 [pool-15-thread-1] INFO  f.i.l.repair.nopol.patch.TestPatch - Applying patch: fr.inria.spirals.testingprojectforbears.Main:6: CONDITIONAL b <= 2
14:59:59.506 [pool-15-thread-1] INFO  f.i.l.repair.nopol.patch.TestPatch - Running test suite to check the patch "b <= 2" is working
14:59:59.515 [pool-4-thread-1] INFO  fr.inria.lille.repair.nopol.NoPol - ----INFORMATION----
14:59:59.518 [pool-4-thread-1] INFO  fr.inria.lille.repair.nopol.NoPol - Nb classes : 1
14:59:59.518 [pool-4-thread-1] INFO  fr.inria.lille.repair.nopol.NoPol - Nb methods : 2
14:59:59.518 [pool-4-thread-1] INFO  fr.inria.lille.repair.nopol.NoPol - Nb Statements Analyzed : 2
14:59:59.518 [pool-4-thread-1] INFO  fr.inria.lille.repair.nopol.NoPol - Nb Statements with Angelic Value Found : 1
14:59:59.518 [pool-4-thread-1] INFO  fr.inria.lille.repair.nopol.NoPol - Nb inputs in SMT : 4
14:59:59.518 [pool-4-thread-1] INFO  fr.inria.lille.repair.nopol.NoPol - Nb SMT level: 2
14:59:59.518 [pool-4-thread-1] INFO  fr.inria.lille.repair.nopol.NoPol - Nb SMT components: [4] [== of arity: 2, != of arity: 2, < of arity: 2, <= of arity: 2]
14:59:59.519 [pool-4-thread-1] INFO  fr.inria.lille.repair.nopol.NoPol -                   class java.lang.Boolean: 4
14:59:59.519 [pool-4-thread-1] INFO  fr.inria.lille.repair.nopol.NoPol - Nb variables in SMT : 10
14:59:59.519 [pool-4-thread-1] INFO  fr.inria.lille.repair.nopol.NoPol - NoPol Execution time : 4322ms
14:59:59.519 [pool-4-thread-1] INFO  fr.inria.lille.repair.nopol.NoPol - 
14:59:59.519 [pool-4-thread-1] INFO  fr.inria.lille.repair.nopol.NoPol - ----PATCH FOUND----
14:59:59.519 [pool-4-thread-1] INFO  fr.inria.lille.repair.nopol.NoPol - b <= 2
14:59:59.519 [pool-4-thread-1] INFO  fr.inria.lille.repair.nopol.NoPol - Nb test that executes the patch: 4
14:59:59.519 [pool-4-thread-1] INFO  fr.inria.lille.repair.nopol.NoPol - fr.inria.spirals.testingprojectforbears.Main:6: CONDITIONAL
14:59:59.536 [pool-4-thread-1] INFO  fr.inria.lille.repair.nopol.NoPol - --- a/src/main/java/fr/inria/spirals/testingprojectforbears/Main.java
+++ b/src/main/java/fr/inria/spirals/testingprojectforbears/Main.java
@@ -5,3 +5,3 @@
 	public static int anything(int a, int b) {
-		if (a < 10) {
+		if (b <= 2) {
 			return a + b;

14:59:59.600 [main] INFO  f.i.s.r.p.s.r.n.NopolSingleTestRepair - Classifying patches with mode ODS
15:02:19.852 [main] INFO  fr.inria.jtravis.JTravis - No Github token has been given, try to connect using environment information
15:02:20.528 [main] INFO  fr.inria.jtravis.JTravis - GitHub ratelimit: Limit: 60 Remaining: 58 Reset hour: 18:22:00
15:02:21.995 [main] INFO  f.i.s.r.process.git.GitHelper - Init git submodules.
15:02:34.391 [Thread-6] ERROR f.i.s.r.p.m.o.MavenFilterOutputHandler - [ERROR] Failed to execute goal org.apache.maven.plugins:maven-surefire-plugin:2.12.4:test (default-test) on project TestingProject: There are test failures.
15:02:34.393 [Thread-6] ERROR f.i.s.r.p.m.o.MavenFilterOutputHandler - [ERROR] 
15:02:34.393 [Thread-6] ERROR f.i.s.r.p.m.o.MavenFilterOutputHandler - [ERROR] Please refer to /tmp/patch_classification395897169530738614/fermadeiral/TestingProject/target/surefire-reports for the individual test results.
15:02:34.394 [Thread-6] ERROR f.i.s.r.p.m.o.MavenFilterOutputHandler - [ERROR] -> [Help 1]
15:02:34.397 [Thread-6] ERROR f.i.s.r.p.m.o.MavenFilterOutputHandler - [ERROR] 
15:02:34.398 [Thread-6] ERROR f.i.s.r.p.m.o.MavenFilterOutputHandler - [ERROR] Re-run Maven using the -X switch to enable full debug logging.
15:02:34.398 [Thread-6] ERROR f.i.s.r.p.m.o.MavenFilterOutputHandler - [ERROR] 
15:02:34.398 [Thread-6] ERROR f.i.s.r.p.m.o.MavenFilterOutputHandler - [ERROR] For more information about the errors and possible solutions, please read the following articles:
15:02:34.399 [Thread-6] ERROR f.i.s.r.p.m.o.MavenFilterOutputHandler - [ERROR] [Help 1] http://cwiki.apache.org/confluence/display/MAVEN/MojoFailureException
15:02:35.115 [main] INFO  f.i.s.r.p.s.g.GatherTestInformation - Get the following failing module path: /tmp/patch_classification395897169530738614/fermadeiral/TestingProject
15:02:35.120 [main] INFO  f.i.s.r.p.s.g.GatherTestInformation - ---Test results---
15:02:35.120 [main] INFO  f.i.s.r.p.s.g.GatherTestInformation -    Total tests: 4
15:02:35.120 [main] INFO  f.i.s.r.p.s.g.GatherTestInformation -    Tests run: 4
15:02:35.121 [main] INFO  f.i.s.r.p.s.g.GatherTestInformation -    Tests passing: 3
15:02:35.121 [main] INFO  f.i.s.r.p.s.g.GatherTestInformation -    Failures: 1
15:02:35.121 [main] INFO  f.i.s.r.p.s.g.GatherTestInformation -    Errors: 0
15:02:35.122 [main] INFO  f.i.s.r.p.s.g.GatherTestInformation -    Skipped: 0
15:02:47.126 [main] INFO  f.i.s.r.p.s.paths.ComputeSourceDir - 1 source dir was found:
15:02:47.127 [main] INFO  f.i.s.r.p.s.paths.ComputeSourceDir - /tmp/patch_classification395897169530738614/fermadeiral/TestingProject/src/main/java
15:02:47.158 [main] INFO  fr.inria.lille.repair.nopol.NoPol - Source files: [/tmp/patch_classification395897169530738614/fermadeiral/TestingProject/src/main/java]
15:02:47.159 [main] INFO  fr.inria.lille.repair.nopol.NoPol - Classpath: [file:/tmp/patch_classification395897169530738614/fermadeiral/TestingProject/.m2/junit/junit/4.11/junit-4.11.jar, file:/tmp/patch_classification395897169530738614/fermadeiral/TestingProject/.m2/org/hamcrest/hamcrest-core/1.3/hamcrest-core-1.3.jar, file:/tmp/patch_classification395897169530738614/fermadeiral/TestingProject/target/classes/, file:/tmp/patch_classification395897169530738614/fermadeiral/TestingProject/target/test-classes/]
15:02:47.159 [main] INFO  fr.inria.lille.repair.nopol.NoPol - Statement type: COND_THEN_PRE
15:02:47.159 [main] INFO  fr.inria.lille.repair.nopol.NoPol - Args: [Tests]
15:02:47.161 [main] INFO  fr.inria.lille.repair.nopol.NoPol - Config: Config{synthesisDepth=3, collectStaticMethods=true, collectStaticFields=false, collectLiterals=false, onlyOneSynthesisResult=false, sortExpressions=true, maxLineInvocationPerTest=250, timeoutMethodInvocation=2000, dataCollectionTimeoutInSecondForSynthesis=900, addWeight=0.19478, subWeight=0.04554, mulWeight=0.0102, divWeight=0.00613, andWeight=0.10597, orWeight=0.05708, eqWeight=0.22798, nEqWeight=0.0, lessEqWeight=0.0255, lessWeight=0.0947, methodCallWeight=0.1, fieldAccessWeight=0.08099, constantWeight=0.14232, variableWeight=0.05195, mode=REPAIR, type=COND_THEN_PRE, synthesis=SMT, oracle=ANGELIC, solver=Z3, solverPath='src/test/resources/z3/z3_for_linux', projectSources=[/tmp/patch_classification395897169530738614/fermadeiral/TestingProject/src/main/java], projectClasspath='[Ljava.net.URL;@2d01c709', projectTests=[Tests], complianceLevel=8, outputFolder=/tmp/patch_classification395897169530738614/fermadeiral/TestingProject/repairnator.nopolsingletest.results, json=false}
15:02:47.161 [main] INFO  fr.inria.lille.repair.nopol.NoPol - Available processors (cores): 12
15:02:47.168 [main] INFO  fr.inria.lille.repair.nopol.NoPol - Free memory: 109 MB
15:02:47.168 [main] INFO  fr.inria.lille.repair.nopol.NoPol - Maximum memory: 1 GB
15:02:47.168 [main] INFO  fr.inria.lille.repair.nopol.NoPol - Total memory available to JVM: 152 MB
15:02:47.169 [main] INFO  fr.inria.lille.repair.nopol.NoPol - Java version: null
15:02:47.169 [main] INFO  fr.inria.lille.repair.nopol.NoPol - JAVA_HOME: null
15:02:47.169 [main] INFO  fr.inria.lille.repair.nopol.NoPol - PATH: /home/andre/.scripts:/home/andre/.scripts:/usr/local/sbin:/usr/local/bin:/usr/bin
15:02:47.401 [main] INFO  spoon.Launcher - Running in NOCLASSPATH mode (doc: http://spoon.gforge.inria.fr/launcher.html).
15:02:50.398 [pool-13-thread-1] ERROR x.java.compiler.DynamicClassCompiler - [Compilation errors]
Main.java:24: error: missing return statement
    }
    ^
15:02:50.413 [pool-13-thread-1] ERROR f.i.l.r.n.s.ConstraintModelBuilder - Unable to compile the change: 
public class Main {
    public static int anything(int a, int b) {
        if (a < 10) {
            return a + b;
        } else {
            boolean spoonDefaultValue = false;
            try {
                spoonDefaultValue = true;
            } catch (java.lang.Exception __NopolProcessorException) {
            }
            boolean runtimeAngelicValue = fr.inria.lille.repair.nopol.synth.AngelicExecution.angelicValue(spoonDefaultValue);
            if (fr.inria.lille.commons.trace.RuntimeValues.instance(0).isEnabled()) {
                fr.inria.lille.commons.trace.RuntimeValues.instance(0).collectionStarts();
                try{fr.inria.lille.commons.trace.RuntimeValues.instance(0).collectInput("a",a);} catch (Exception ex1) {ex1.printStackTrace();};
                try{fr.inria.lille.commons.trace.RuntimeValues.instance(0).collectInput("b",b);} catch (Exception ex1) {ex1.printStackTrace();};
                fr.inria.lille.commons.trace.RuntimeValues.instance(0).collectOutput(runtimeAngelicValue);
                fr.inria.lille.commons.trace.RuntimeValues.instance(0).collectionEnds();
            }
            if (runtimeAngelicValue)
                return a - b;

        }
    }

    public static void main(java.lang.String[] args) {
        int a = 1;
        int b = 3;
        int sum = fr.inria.spirals.testingprojectforbears.Main.anything(a, b);
        java.lang.System.out.println(sum);
        a = 10;
        b = 2;
        sum = fr.inria.spirals.testingprojectforbears.Main.anything(a, b);
        java.lang.System.out.println(sum);
    }
}
15:02:50.414 [pool-4-thread-1] ERROR fr.inria.lille.repair.nopol.NoPol - Error ExecutionException java.util.concurrent.ExecutionException: xxl.java.compiler.DynamicCompilationException: Aborting: dynamic compilation failed
15:02:51.061 [pool-15-thread-1] INFO  f.i.l.repair.nopol.patch.TestPatch - Applying patch: fr.inria.spirals.testingprojectforbears.Main:6: CONDITIONAL b <= 2
15:02:51.386 [pool-15-thread-1] INFO  f.i.l.repair.nopol.patch.TestPatch - Running test suite to check the patch "b <= 2" is working
15:02:51.394 [pool-4-thread-1] INFO  fr.inria.lille.repair.nopol.NoPol - ----INFORMATION----
15:02:51.396 [pool-4-thread-1] INFO  fr.inria.lille.repair.nopol.NoPol - Nb classes : 1
15:02:51.396 [pool-4-thread-1] INFO  fr.inria.lille.repair.nopol.NoPol - Nb methods : 2
15:02:51.397 [pool-4-thread-1] INFO  fr.inria.lille.repair.nopol.NoPol - Nb Statements Analyzed : 2
15:02:51.397 [pool-4-thread-1] INFO  fr.inria.lille.repair.nopol.NoPol - Nb Statements with Angelic Value Found : 1
15:02:51.397 [pool-4-thread-1] INFO  fr.inria.lille.repair.nopol.NoPol - Nb inputs in SMT : 4
15:02:51.397 [pool-4-thread-1] INFO  fr.inria.lille.repair.nopol.NoPol - Nb SMT level: 2
15:02:51.397 [pool-4-thread-1] INFO  fr.inria.lille.repair.nopol.NoPol - Nb SMT components: [4] [== of arity: 2, != of arity: 2, < of arity: 2, <= of arity: 2]
15:02:51.397 [pool-4-thread-1] INFO  fr.inria.lille.repair.nopol.NoPol -                   class java.lang.Boolean: 4
15:02:51.397 [pool-4-thread-1] INFO  fr.inria.lille.repair.nopol.NoPol - Nb variables in SMT : 10
15:02:51.397 [pool-4-thread-1] INFO  fr.inria.lille.repair.nopol.NoPol - NoPol Execution time : 4236ms
15:02:51.397 [pool-4-thread-1] INFO  fr.inria.lille.repair.nopol.NoPol - 
15:02:51.398 [pool-4-thread-1] INFO  fr.inria.lille.repair.nopol.NoPol - ----PATCH FOUND----
15:02:51.398 [pool-4-thread-1] INFO  fr.inria.lille.repair.nopol.NoPol - b <= 2
15:02:51.398 [pool-4-thread-1] INFO  fr.inria.lille.repair.nopol.NoPol - Nb test that executes the patch: 4
15:02:51.398 [pool-4-thread-1] INFO  fr.inria.lille.repair.nopol.NoPol - fr.inria.spirals.testingprojectforbears.Main:6: CONDITIONAL
15:02:51.409 [pool-4-thread-1] INFO  fr.inria.lille.repair.nopol.NoPol - --- a/src/main/java/fr/inria/spirals/testingprojectforbears/Main.java
+++ b/src/main/java/fr/inria/spirals/testingprojectforbears/Main.java
@@ -5,3 +5,3 @@
 	public static int anything(int a, int b) {
-		if (a < 10) {
+		if (b <= 2) {
 			return a + b;

15:02:51.478 [main] INFO  f.i.s.r.p.s.r.n.NopolSingleTestRepair - Classifying patches with mode ODS
15:09:44.296 [main] INFO  fr.inria.jtravis.JTravis - No Github token has been given, try to connect using environment information
15:09:45.008 [main] INFO  fr.inria.jtravis.JTravis - GitHub ratelimit: Limit: 60 Remaining: 57 Reset hour: 18:22:00
15:09:46.814 [main] INFO  f.i.s.r.process.git.GitHelper - Init git submodules.
15:09:59.356 [Thread-6] ERROR f.i.s.r.p.m.o.MavenFilterOutputHandler - [ERROR] Failed to execute goal org.apache.maven.plugins:maven-surefire-plugin:2.12.4:test (default-test) on project TestingProject: There are test failures.
15:09:59.357 [Thread-6] ERROR f.i.s.r.p.m.o.MavenFilterOutputHandler - [ERROR] 
15:09:59.357 [Thread-6] ERROR f.i.s.r.p.m.o.MavenFilterOutputHandler - [ERROR] Please refer to /tmp/patch_classification9126154368054460161/fermadeiral/TestingProject/target/surefire-reports for the individual test results.
15:09:59.357 [Thread-6] ERROR f.i.s.r.p.m.o.MavenFilterOutputHandler - [ERROR] -> [Help 1]
15:09:59.364 [Thread-6] ERROR f.i.s.r.p.m.o.MavenFilterOutputHandler - [ERROR] 
15:09:59.364 [Thread-6] ERROR f.i.s.r.p.m.o.MavenFilterOutputHandler - [ERROR] Re-run Maven using the -X switch to enable full debug logging.
15:09:59.365 [Thread-6] ERROR f.i.s.r.p.m.o.MavenFilterOutputHandler - [ERROR] 
15:09:59.365 [Thread-6] ERROR f.i.s.r.p.m.o.MavenFilterOutputHandler - [ERROR] For more information about the errors and possible solutions, please read the following articles:
15:09:59.365 [Thread-6] ERROR f.i.s.r.p.m.o.MavenFilterOutputHandler - [ERROR] [Help 1] http://cwiki.apache.org/confluence/display/MAVEN/MojoFailureException
15:09:59.942 [main] INFO  f.i.s.r.p.s.g.GatherTestInformation - Get the following failing module path: /tmp/patch_classification9126154368054460161/fermadeiral/TestingProject
15:09:59.947 [main] INFO  f.i.s.r.p.s.g.GatherTestInformation - ---Test results---
15:09:59.948 [main] INFO  f.i.s.r.p.s.g.GatherTestInformation -    Total tests: 4
15:09:59.948 [main] INFO  f.i.s.r.p.s.g.GatherTestInformation -    Tests run: 4
15:09:59.949 [main] INFO  f.i.s.r.p.s.g.GatherTestInformation -    Tests passing: 3
15:09:59.949 [main] INFO  f.i.s.r.p.s.g.GatherTestInformation -    Failures: 1
15:09:59.949 [main] INFO  f.i.s.r.p.s.g.GatherTestInformation -    Errors: 0
15:09:59.950 [main] INFO  f.i.s.r.p.s.g.GatherTestInformation -    Skipped: 0
15:10:10.955 [main] INFO  f.i.s.r.p.s.paths.ComputeSourceDir - 1 source dir was found:
15:10:10.955 [main] INFO  f.i.s.r.p.s.paths.ComputeSourceDir - /tmp/patch_classification9126154368054460161/fermadeiral/TestingProject/src/main/java
15:10:11.012 [main] INFO  fr.inria.lille.repair.nopol.NoPol - Source files: [/tmp/patch_classification9126154368054460161/fermadeiral/TestingProject/src/main/java]
15:10:11.013 [main] INFO  fr.inria.lille.repair.nopol.NoPol - Classpath: [file:/tmp/patch_classification9126154368054460161/fermadeiral/TestingProject/.m2/junit/junit/4.11/junit-4.11.jar, file:/tmp/patch_classification9126154368054460161/fermadeiral/TestingProject/.m2/org/hamcrest/hamcrest-core/1.3/hamcrest-core-1.3.jar, file:/tmp/patch_classification9126154368054460161/fermadeiral/TestingProject/target/classes/, file:/tmp/patch_classification9126154368054460161/fermadeiral/TestingProject/target/test-classes/]
15:10:11.013 [main] INFO  fr.inria.lille.repair.nopol.NoPol - Statement type: COND_THEN_PRE
15:10:11.014 [main] INFO  fr.inria.lille.repair.nopol.NoPol - Args: [Tests]
15:10:11.016 [main] INFO  fr.inria.lille.repair.nopol.NoPol - Config: Config{synthesisDepth=3, collectStaticMethods=true, collectStaticFields=false, collectLiterals=false, onlyOneSynthesisResult=false, sortExpressions=true, maxLineInvocationPerTest=250, timeoutMethodInvocation=2000, dataCollectionTimeoutInSecondForSynthesis=900, addWeight=0.19478, subWeight=0.04554, mulWeight=0.0102, divWeight=0.00613, andWeight=0.10597, orWeight=0.05708, eqWeight=0.22798, nEqWeight=0.0, lessEqWeight=0.0255, lessWeight=0.0947, methodCallWeight=0.1, fieldAccessWeight=0.08099, constantWeight=0.14232, variableWeight=0.05195, mode=REPAIR, type=COND_THEN_PRE, synthesis=SMT, oracle=ANGELIC, solver=Z3, solverPath='src/test/resources/z3/z3_for_linux', projectSources=[/tmp/patch_classification9126154368054460161/fermadeiral/TestingProject/src/main/java], projectClasspath='[Ljava.net.URL;@6e945db2', projectTests=[Tests], complianceLevel=8, outputFolder=/tmp/patch_classification9126154368054460161/fermadeiral/TestingProject/repairnator.nopolsingletest.results, json=false}
15:10:11.016 [main] INFO  fr.inria.lille.repair.nopol.NoPol - Available processors (cores): 12
15:10:11.028 [main] INFO  fr.inria.lille.repair.nopol.NoPol - Free memory: 138 MB
15:10:11.028 [main] INFO  fr.inria.lille.repair.nopol.NoPol - Maximum memory: 1 GB
15:10:11.028 [main] INFO  fr.inria.lille.repair.nopol.NoPol - Total memory available to JVM: 184 MB
15:10:11.029 [main] INFO  fr.inria.lille.repair.nopol.NoPol - Java version: null
15:10:11.029 [main] INFO  fr.inria.lille.repair.nopol.NoPol - JAVA_HOME: null
15:10:11.029 [main] INFO  fr.inria.lille.repair.nopol.NoPol - PATH: /home/andre/.scripts:/home/andre/.scripts:/usr/local/sbin:/usr/local/bin:/usr/bin
15:10:11.280 [main] INFO  spoon.Launcher - Running in NOCLASSPATH mode (doc: http://spoon.gforge.inria.fr/launcher.html).
15:10:14.479 [pool-13-thread-1] ERROR x.java.compiler.DynamicClassCompiler - [Compilation errors]
Main.java:24: error: missing return statement
    }
    ^
15:10:14.497 [pool-13-thread-1] ERROR f.i.l.r.n.s.ConstraintModelBuilder - Unable to compile the change: 
public class Main {
    public static int anything(int a, int b) {
        if (a < 10) {
            return a + b;
        } else {
            boolean spoonDefaultValue = false;
            try {
                spoonDefaultValue = true;
            } catch (java.lang.Exception __NopolProcessorException) {
            }
            boolean runtimeAngelicValue = fr.inria.lille.repair.nopol.synth.AngelicExecution.angelicValue(spoonDefaultValue);
            if (fr.inria.lille.commons.trace.RuntimeValues.instance(0).isEnabled()) {
                fr.inria.lille.commons.trace.RuntimeValues.instance(0).collectionStarts();
                try{fr.inria.lille.commons.trace.RuntimeValues.instance(0).collectInput("a",a);} catch (Exception ex1) {ex1.printStackTrace();};
                try{fr.inria.lille.commons.trace.RuntimeValues.instance(0).collectInput("b",b);} catch (Exception ex1) {ex1.printStackTrace();};
                fr.inria.lille.commons.trace.RuntimeValues.instance(0).collectOutput(runtimeAngelicValue);
                fr.inria.lille.commons.trace.RuntimeValues.instance(0).collectionEnds();
            }
            if (runtimeAngelicValue)
                return a - b;

        }
    }

    public static void main(java.lang.String[] args) {
        int a = 1;
        int b = 3;
        int sum = fr.inria.spirals.testingprojectforbears.Main.anything(a, b);
        java.lang.System.out.println(sum);
        a = 10;
        b = 2;
        sum = fr.inria.spirals.testingprojectforbears.Main.anything(a, b);
        java.lang.System.out.println(sum);
    }
}
15:10:14.497 [pool-4-thread-1] ERROR fr.inria.lille.repair.nopol.NoPol - Error ExecutionException java.util.concurrent.ExecutionException: xxl.java.compiler.DynamicCompilationException: Aborting: dynamic compilation failed
15:10:15.363 [pool-15-thread-1] INFO  f.i.l.repair.nopol.patch.TestPatch - Applying patch: fr.inria.spirals.testingprojectforbears.Main:6: CONDITIONAL b <= 2
15:10:15.733 [pool-15-thread-1] INFO  f.i.l.repair.nopol.patch.TestPatch - Running test suite to check the patch "b <= 2" is working
15:10:15.740 [pool-4-thread-1] INFO  fr.inria.lille.repair.nopol.NoPol - ----INFORMATION----
15:10:15.744 [pool-4-thread-1] INFO  fr.inria.lille.repair.nopol.NoPol - Nb classes : 1
15:10:15.744 [pool-4-thread-1] INFO  fr.inria.lille.repair.nopol.NoPol - Nb methods : 2
15:10:15.744 [pool-4-thread-1] INFO  fr.inria.lille.repair.nopol.NoPol - Nb Statements Analyzed : 2
15:10:15.745 [pool-4-thread-1] INFO  fr.inria.lille.repair.nopol.NoPol - Nb Statements with Angelic Value Found : 1
15:10:15.745 [pool-4-thread-1] INFO  fr.inria.lille.repair.nopol.NoPol - Nb inputs in SMT : 4
15:10:15.745 [pool-4-thread-1] INFO  fr.inria.lille.repair.nopol.NoPol - Nb SMT level: 2
15:10:15.745 [pool-4-thread-1] INFO  fr.inria.lille.repair.nopol.NoPol - Nb SMT components: [4] [== of arity: 2, != of arity: 2, < of arity: 2, <= of arity: 2]
15:10:15.745 [pool-4-thread-1] INFO  fr.inria.lille.repair.nopol.NoPol -                   class java.lang.Boolean: 4
15:10:15.746 [pool-4-thread-1] INFO  fr.inria.lille.repair.nopol.NoPol - Nb variables in SMT : 10
15:10:15.746 [pool-4-thread-1] INFO  fr.inria.lille.repair.nopol.NoPol - NoPol Execution time : 4728ms
15:10:15.746 [pool-4-thread-1] INFO  fr.inria.lille.repair.nopol.NoPol - 
15:10:15.746 [pool-4-thread-1] INFO  fr.inria.lille.repair.nopol.NoPol - ----PATCH FOUND----
15:10:15.746 [pool-4-thread-1] INFO  fr.inria.lille.repair.nopol.NoPol - b <= 2
15:10:15.746 [pool-4-thread-1] INFO  fr.inria.lille.repair.nopol.NoPol - Nb test that executes the patch: 4
15:10:15.747 [pool-4-thread-1] INFO  fr.inria.lille.repair.nopol.NoPol - fr.inria.spirals.testingprojectforbears.Main:6: CONDITIONAL
15:10:15.777 [pool-4-thread-1] INFO  fr.inria.lille.repair.nopol.NoPol - --- a/src/main/java/fr/inria/spirals/testingprojectforbears/Main.java
+++ b/src/main/java/fr/inria/spirals/testingprojectforbears/Main.java
@@ -5,3 +5,3 @@
 	public static int anything(int a, int b) {
-		if (a < 10) {
+		if (b <= 2) {
 			return a + b;

15:10:15.866 [main] INFO  f.i.s.r.p.s.r.n.NopolSingleTestRepair - Classifying patches with mode ODS
15:10:16.593 [main] INFO  spoon.Launcher - Running in NOCLASSPATH mode (doc: http://spoon.gforge.inria.fr/launcher.html).
15:10:17.014 [main] INFO  f.i.s.r.p.s.r.n.NopolSingleTestRepair - The repository won't be forked.
15:10:17.017 [main] INFO  f.i.s.r.p.s.r.n.NopolSingleTestRepair - Serialize all data for build: 203797975
15:10:17.078 [main] INFO  f.i.s.r.p.i.ProjectInspector - ----------------------------------------------------------------------
15:10:17.079 [main] INFO  f.i.s.r.p.i.ProjectInspector - PIPELINE EXECUTION SUMMARY
15:10:17.079 [main] INFO  f.i.s.r.p.i.ProjectInspector - ----------------------------------------------------------------------
15:10:17.079 [main] INFO  f.i.s.r.p.i.ProjectInspector - CloneRepository.......................................SUCCESS [  1 s ]
15:10:17.079 [main] INFO  f.i.s.r.p.i.ProjectInspector - NopolSingleTest.......................................SUCCESS [  6 s ]
15:10:17.079 [main] INFO  f.i.s.r.p.i.ProjectInspector - CheckoutBuggyBuild....................................SUCCESS [  0 s ]
15:10:17.080 [main] INFO  f.i.s.r.p.i.ProjectInspector - TestProject...........................................SUCCESS [ 13 s ]
15:10:17.080 [main] INFO  f.i.s.r.p.i.ProjectInspector - GatherTestInformation.................................SUCCESS [  0 s ]
15:10:17.080 [main] INFO  f.i.s.r.p.i.ProjectInspector - ComputeClasspath......................................SUCCESS [ 11 s ]
15:10:17.080 [main] INFO  f.i.s.r.p.i.ProjectInspector - ComputeSourceDir......................................SUCCESS [  0 s ]
15:10:17.084 [main] INFO  f.i.s.r.p.i.ProjectInspector - ----------------------------------------------------------------------
15:10:17.085 [main] INFO  f.i.s.r.p.i.ProjectInspector - PIPELINE FINDING: PATCHED
15:10:17.085 [main] INFO  f.i.s.r.p.i.ProjectInspector - ----------------------------------------------------------------------
15:16:17.203 [main] INFO  f.i.s.r.pipeline.LauncherHelpers - PIPELINE VERSION: 3.3-2021-04-06 14:15
15:16:17.236 [main] INFO  f.i.s.r.p.travis.TravisInitConfig - The following repair tools will be used: NPEFix
15:16:17.237 [main] INFO  f.i.s.r.p.t.TravisInitSerializerEngines - Initialize file serializer engines.
15:16:17.239 [main] INFO  f.i.s.r.p.t.TravisInitSerializerEngines - MongoDB won't be used for serialization.
15:16:17.239 [main] INFO  f.i.s.r.p.travis.TravisInitNotifiers - The email notifier engine won't be used.
15:16:18.833 [main] ERROR fr.inria.jtravis.helpers.BuildHelper - Error while getting JSON at URL: /build/0?include=job.config
fr.inria.jtravis.Http404Exception: 
	at fr.inria.jtravis.helpers.AbstractHelper.checkResponse(AbstractHelper.java:82)
	at fr.inria.jtravis.helpers.AbstractHelper.get(AbstractHelper.java:100)
	at fr.inria.jtravis.helpers.AbstractHelper.get(AbstractHelper.java:89)
	at fr.inria.jtravis.helpers.EntityHelper.getEntityFromUri(EntityHelper.java:35)
	at fr.inria.jtravis.helpers.BuildHelper.fromId(BuildHelper.java:58)
	at fr.inria.spirals.repairnator.pipeline.travis.TravisMainProcess.getBuildToBeInspected(TravisMainProcess.java:93)
	at fr.inria.spirals.repairnator.pipeline.MainProcessFactory.getTravisMainProcess(MainProcessFactory.java:85)
	at fr.inria.spirals.repairnator.pipeline.BranchLauncher.getMainProcess(BranchLauncher.java:68)
	at fr.inria.spirals.repairnator.pipeline.BranchLauncher.<init>(BranchLauncher.java:33)
	at fr.inria.spirals.repairnator.pipeline.Launcher.init(Launcher.java:23)
	at fr.inria.spirals.repairnator.pipeline.Launcher.<init>(Launcher.java:19)
	at fr.inria.spirals.repairnator.pipeline.TestPipelineArgs.testDefaultArgsLauncher(TestPipelineArgs.java:31)
	at java.base/jdk.internal.reflect.NativeMethodAccessorImpl.invoke0(Native Method)
	at java.base/jdk.internal.reflect.NativeMethodAccessorImpl.invoke(NativeMethodAccessorImpl.java:62)
	at java.base/jdk.internal.reflect.DelegatingMethodAccessorImpl.invoke(DelegatingMethodAccessorImpl.java:43)
	at java.base/java.lang.reflect.Method.invoke(Method.java:566)
	at org.junit.runners.model.FrameworkMethod$1.runReflectiveCall(FrameworkMethod.java:47)
	at org.junit.internal.runners.model.ReflectiveCallable.run(ReflectiveCallable.java:12)
	at org.junit.runners.model.FrameworkMethod.invokeExplosively(FrameworkMethod.java:44)
	at org.junit.internal.runners.statements.InvokeMethod.evaluate(InvokeMethod.java:17)
	at org.junit.internal.runners.statements.RunAfters.evaluate(RunAfters.java:27)
	at org.junit.runners.ParentRunner.runLeaf(ParentRunner.java:271)
	at org.junit.runners.BlockJUnit4ClassRunner.runChild(BlockJUnit4ClassRunner.java:70)
	at org.junit.runners.BlockJUnit4ClassRunner.runChild(BlockJUnit4ClassRunner.java:50)
	at org.junit.runners.ParentRunner$3.run(ParentRunner.java:238)
	at org.junit.runners.ParentRunner$1.schedule(ParentRunner.java:63)
	at org.junit.runners.ParentRunner.runChildren(ParentRunner.java:236)
	at org.junit.runners.ParentRunner.access$000(ParentRunner.java:53)
	at org.junit.runners.ParentRunner$2.evaluate(ParentRunner.java:229)
	at org.junit.runners.ParentRunner.run(ParentRunner.java:309)
	at org.apache.maven.surefire.junit4.JUnit4Provider.execute(JUnit4Provider.java:367)
	at org.apache.maven.surefire.junit4.JUnit4Provider.executeWithRerun(JUnit4Provider.java:274)
	at org.apache.maven.surefire.junit4.JUnit4Provider.executeTestSet(JUnit4Provider.java:238)
	at org.apache.maven.surefire.junit4.JUnit4Provider.invoke(JUnit4Provider.java:161)
	at org.apache.maven.surefire.booter.ForkedBooter.invokeProviderInSameClassLoader(ForkedBooter.java:290)
	at org.apache.maven.surefire.booter.ForkedBooter.runSuitesInProcess(ForkedBooter.java:242)
	at org.apache.maven.surefire.booter.ForkedBooter.main(ForkedBooter.java:121)
15:16:18.835 [main] ERROR f.i.s.r.p.travis.TravisMainProcess - Error while retrieving the buggy build. The process will exit now.
15:16:18.873 [main] ERROR f.i.s.r.p.i.ProjectInspector - Error while initializing metrics.
java.lang.NullPointerException: null
	at fr.inria.spirals.repairnator.process.inspectors.ProjectInspector.initProperties(ProjectInspector.java:159)
	at fr.inria.spirals.repairnator.process.inspectors.ProjectInspector.<init>(ProjectInspector.java:126)
	at fr.inria.spirals.repairnator.process.inspectors.InspectorFactory.getTravisInspector(InspectorFactory.java:14)
	at fr.inria.spirals.repairnator.pipeline.MainProcessFactory.constructInspector4Default(MainProcessFactory.java:185)
	at fr.inria.spirals.repairnator.pipeline.MainProcessFactory.getTravisMainProcess(MainProcessFactory.java:85)
	at fr.inria.spirals.repairnator.pipeline.BranchLauncher.getMainProcess(BranchLauncher.java:68)
	at fr.inria.spirals.repairnator.pipeline.BranchLauncher.<init>(BranchLauncher.java:33)
	at fr.inria.spirals.repairnator.pipeline.Launcher.init(Launcher.java:23)
	at fr.inria.spirals.repairnator.pipeline.Launcher.<init>(Launcher.java:19)
	at fr.inria.spirals.repairnator.pipeline.TestPipelineArgs.testDefaultArgsLauncher(TestPipelineArgs.java:31)
	at java.base/jdk.internal.reflect.NativeMethodAccessorImpl.invoke0(Native Method)
	at java.base/jdk.internal.reflect.NativeMethodAccessorImpl.invoke(NativeMethodAccessorImpl.java:62)
	at java.base/jdk.internal.reflect.DelegatingMethodAccessorImpl.invoke(DelegatingMethodAccessorImpl.java:43)
	at java.base/java.lang.reflect.Method.invoke(Method.java:566)
	at org.junit.runners.model.FrameworkMethod$1.runReflectiveCall(FrameworkMethod.java:47)
	at org.junit.internal.runners.model.ReflectiveCallable.run(ReflectiveCallable.java:12)
	at org.junit.runners.model.FrameworkMethod.invokeExplosively(FrameworkMethod.java:44)
	at org.junit.internal.runners.statements.InvokeMethod.evaluate(InvokeMethod.java:17)
	at org.junit.internal.runners.statements.RunAfters.evaluate(RunAfters.java:27)
	at org.junit.runners.ParentRunner.runLeaf(ParentRunner.java:271)
	at org.junit.runners.BlockJUnit4ClassRunner.runChild(BlockJUnit4ClassRunner.java:70)
	at org.junit.runners.BlockJUnit4ClassRunner.runChild(BlockJUnit4ClassRunner.java:50)
	at org.junit.runners.ParentRunner$3.run(ParentRunner.java:238)
	at org.junit.runners.ParentRunner$1.schedule(ParentRunner.java:63)
	at org.junit.runners.ParentRunner.runChildren(ParentRunner.java:236)
	at org.junit.runners.ParentRunner.access$000(ParentRunner.java:53)
	at org.junit.runners.ParentRunner$2.evaluate(ParentRunner.java:229)
	at org.junit.runners.ParentRunner.run(ParentRunner.java:309)
	at org.apache.maven.surefire.junit4.JUnit4Provider.execute(JUnit4Provider.java:367)
	at org.apache.maven.surefire.junit4.JUnit4Provider.executeWithRerun(JUnit4Provider.java:274)
	at org.apache.maven.surefire.junit4.JUnit4Provider.executeTestSet(JUnit4Provider.java:238)
	at org.apache.maven.surefire.junit4.JUnit4Provider.invoke(JUnit4Provider.java:161)
	at org.apache.maven.surefire.booter.ForkedBooter.invokeProviderInSameClassLoader(ForkedBooter.java:290)
	at org.apache.maven.surefire.booter.ForkedBooter.runSuitesInProcess(ForkedBooter.java:242)
	at org.apache.maven.surefire.booter.ForkedBooter.main(ForkedBooter.java:121)
