09:47:59.865 [main] ERROR fr.inria.jtravis.helpers.BuildHelper - Error while getting JSON at URL: /build/222020421?include=job.config
fr.inria.jtravis.Http404Exception: 
	at fr.inria.jtravis.helpers.AbstractHelper.checkResponse(AbstractHelper.java:82)
	at fr.inria.jtravis.helpers.AbstractHelper.get(AbstractHelper.java:100)
	at fr.inria.jtravis.helpers.AbstractHelper.get(AbstractHelper.java:89)
	at fr.inria.jtravis.helpers.EntityHelper.getEntityFromUri(EntityHelper.java:35)
	at fr.inria.jtravis.helpers.BuildHelper.fromId(BuildHelper.java:58)
	at fr.inria.spirals.repairnator.process.step.checkoutrepository.TestCheckoutBuggyBuildSourceCode.checkBuildAndReturn(TestCheckoutBuggyBuildSourceCode.java:295)
	at fr.inria.spirals.repairnator.process.step.checkoutrepository.TestCheckoutBuggyBuildSourceCode.testCheckoutPreviousBuildSourceCodeNoPR2(TestCheckoutBuggyBuildSourceCode.java:146)
	at java.base/jdk.internal.reflect.NativeMethodAccessorImpl.invoke0(Native Method)
	at java.base/jdk.internal.reflect.NativeMethodAccessorImpl.invoke(NativeMethodAccessorImpl.java:62)
	at java.base/jdk.internal.reflect.DelegatingMethodAccessorImpl.invoke(DelegatingMethodAccessorImpl.java:43)
	at java.base/java.lang.reflect.Method.invoke(Method.java:566)
	at org.junit.runners.model.FrameworkMethod$1.runReflectiveCall(FrameworkMethod.java:47)
	at org.junit.internal.runners.model.ReflectiveCallable.run(ReflectiveCallable.java:12)
	at org.junit.runners.model.FrameworkMethod.invokeExplosively(FrameworkMethod.java:44)
	at org.junit.internal.runners.statements.InvokeMethod.evaluate(InvokeMethod.java:17)
	at org.junit.internal.runners.statements.RunBefores.evaluate(RunBefores.java:26)
	at org.junit.internal.runners.statements.RunAfters.evaluate(RunAfters.java:27)
	at org.junit.runners.ParentRunner.runLeaf(ParentRunner.java:271)
	at org.junit.runners.BlockJUnit4ClassRunner.runChild(BlockJUnit4ClassRunner.java:70)
	at org.junit.runners.BlockJUnit4ClassRunner.runChild(BlockJUnit4ClassRunner.java:50)
	at org.junit.runners.ParentRunner$3.run(ParentRunner.java:238)
	at org.junit.runners.ParentRunner$1.schedule(ParentRunner.java:63)
	at org.junit.runners.ParentRunner.runChildren(ParentRunner.java:236)
	at org.junit.runners.ParentRunner.access$000(ParentRunner.java:53)
	at org.junit.runners.ParentRunner$2.evaluate(ParentRunner.java:229)
	at org.junit.runners.ParentRunner.run(ParentRunner.java:309)
	at org.apache.maven.surefire.junit4.JUnit4Provider.execute(JUnit4Provider.java:367)
	at org.apache.maven.surefire.junit4.JUnit4Provider.executeWithRerun(JUnit4Provider.java:274)
	at org.apache.maven.surefire.junit4.JUnit4Provider.executeTestSet(JUnit4Provider.java:238)
	at org.apache.maven.surefire.junit4.JUnit4Provider.invoke(JUnit4Provider.java:161)
	at org.apache.maven.surefire.booter.ForkedBooter.invokeProviderInSameClassLoader(ForkedBooter.java:290)
	at org.apache.maven.surefire.booter.ForkedBooter.runSuitesInProcess(ForkedBooter.java:242)
	at org.apache.maven.surefire.booter.ForkedBooter.main(ForkedBooter.java:121)
09:48:00.026 [main] ERROR fr.inria.jtravis.helpers.BuildHelper - Error while getting JSON at URL: /build/221992429?include=job.config
fr.inria.jtravis.Http404Exception: 
	at fr.inria.jtravis.helpers.AbstractHelper.checkResponse(AbstractHelper.java:82)
	at fr.inria.jtravis.helpers.AbstractHelper.get(AbstractHelper.java:100)
	at fr.inria.jtravis.helpers.AbstractHelper.get(AbstractHelper.java:89)
	at fr.inria.jtravis.helpers.EntityHelper.getEntityFromUri(EntityHelper.java:35)
	at fr.inria.jtravis.helpers.BuildHelper.fromId(BuildHelper.java:58)
	at fr.inria.spirals.repairnator.process.step.checkoutrepository.TestCheckoutBuggyBuildSourceCode.checkBuildAndReturn(TestCheckoutBuggyBuildSourceCode.java:295)
	at fr.inria.spirals.repairnator.process.step.checkoutrepository.TestCheckoutBuggyBuildSourceCode.testCheckoutPreviousBuildSourceCodeNoPR(TestCheckoutBuggyBuildSourceCode.java:65)
	at java.base/jdk.internal.reflect.NativeMethodAccessorImpl.invoke0(Native Method)
	at java.base/jdk.internal.reflect.NativeMethodAccessorImpl.invoke(NativeMethodAccessorImpl.java:62)
	at java.base/jdk.internal.reflect.DelegatingMethodAccessorImpl.invoke(DelegatingMethodAccessorImpl.java:43)
	at java.base/java.lang.reflect.Method.invoke(Method.java:566)
	at org.junit.runners.model.FrameworkMethod$1.runReflectiveCall(FrameworkMethod.java:47)
	at org.junit.internal.runners.model.ReflectiveCallable.run(ReflectiveCallable.java:12)
	at org.junit.runners.model.FrameworkMethod.invokeExplosively(FrameworkMethod.java:44)
	at org.junit.internal.runners.statements.InvokeMethod.evaluate(InvokeMethod.java:17)
	at org.junit.internal.runners.statements.RunBefores.evaluate(RunBefores.java:26)
	at org.junit.internal.runners.statements.RunAfters.evaluate(RunAfters.java:27)
	at org.junit.runners.ParentRunner.runLeaf(ParentRunner.java:271)
	at org.junit.runners.BlockJUnit4ClassRunner.runChild(BlockJUnit4ClassRunner.java:70)
	at org.junit.runners.BlockJUnit4ClassRunner.runChild(BlockJUnit4ClassRunner.java:50)
	at org.junit.runners.ParentRunner$3.run(ParentRunner.java:238)
	at org.junit.runners.ParentRunner$1.schedule(ParentRunner.java:63)
	at org.junit.runners.ParentRunner.runChildren(ParentRunner.java:236)
	at org.junit.runners.ParentRunner.access$000(ParentRunner.java:53)
	at org.junit.runners.ParentRunner$2.evaluate(ParentRunner.java:229)
	at org.junit.runners.ParentRunner.run(ParentRunner.java:309)
	at org.apache.maven.surefire.junit4.JUnit4Provider.execute(JUnit4Provider.java:367)
	at org.apache.maven.surefire.junit4.JUnit4Provider.executeWithRerun(JUnit4Provider.java:274)
	at org.apache.maven.surefire.junit4.JUnit4Provider.executeTestSet(JUnit4Provider.java:238)
	at org.apache.maven.surefire.junit4.JUnit4Provider.invoke(JUnit4Provider.java:161)
	at org.apache.maven.surefire.booter.ForkedBooter.invokeProviderInSameClassLoader(ForkedBooter.java:290)
	at org.apache.maven.surefire.booter.ForkedBooter.runSuitesInProcess(ForkedBooter.java:242)
	at org.apache.maven.surefire.booter.ForkedBooter.main(ForkedBooter.java:121)
09:48:00.165 [main] ERROR fr.inria.jtravis.helpers.BuildHelper - Error while getting JSON at URL: /build/223248816?include=job.config
fr.inria.jtravis.Http404Exception: 
	at fr.inria.jtravis.helpers.AbstractHelper.checkResponse(AbstractHelper.java:82)
	at fr.inria.jtravis.helpers.AbstractHelper.get(AbstractHelper.java:100)
	at fr.inria.jtravis.helpers.AbstractHelper.get(AbstractHelper.java:89)
	at fr.inria.jtravis.helpers.EntityHelper.getEntityFromUri(EntityHelper.java:35)
	at fr.inria.jtravis.helpers.BuildHelper.fromId(BuildHelper.java:58)
	at fr.inria.spirals.repairnator.process.step.checkoutrepository.TestCheckoutBuggyBuildSourceCode.checkBuildAndReturn(TestCheckoutBuggyBuildSourceCode.java:295)
	at fr.inria.spirals.repairnator.process.step.checkoutrepository.TestCheckoutBuggyBuildSourceCode.testCheckoutPreviousBuildSourceCodeWithPR(TestCheckoutBuggyBuildSourceCode.java:227)
	at java.base/jdk.internal.reflect.NativeMethodAccessorImpl.invoke0(Native Method)
	at java.base/jdk.internal.reflect.NativeMethodAccessorImpl.invoke(NativeMethodAccessorImpl.java:62)
	at java.base/jdk.internal.reflect.DelegatingMethodAccessorImpl.invoke(DelegatingMethodAccessorImpl.java:43)
	at java.base/java.lang.reflect.Method.invoke(Method.java:566)
	at org.junit.runners.model.FrameworkMethod$1.runReflectiveCall(FrameworkMethod.java:47)
	at org.junit.internal.runners.model.ReflectiveCallable.run(ReflectiveCallable.java:12)
	at org.junit.runners.model.FrameworkMethod.invokeExplosively(FrameworkMethod.java:44)
	at org.junit.internal.runners.statements.InvokeMethod.evaluate(InvokeMethod.java:17)
	at org.junit.internal.runners.statements.RunBefores.evaluate(RunBefores.java:26)
	at org.junit.internal.runners.statements.RunAfters.evaluate(RunAfters.java:27)
	at org.junit.runners.ParentRunner.runLeaf(ParentRunner.java:271)
	at org.junit.runners.BlockJUnit4ClassRunner.runChild(BlockJUnit4ClassRunner.java:70)
	at org.junit.runners.BlockJUnit4ClassRunner.runChild(BlockJUnit4ClassRunner.java:50)
	at org.junit.runners.ParentRunner$3.run(ParentRunner.java:238)
	at org.junit.runners.ParentRunner$1.schedule(ParentRunner.java:63)
	at org.junit.runners.ParentRunner.runChildren(ParentRunner.java:236)
	at org.junit.runners.ParentRunner.access$000(ParentRunner.java:53)
	at org.junit.runners.ParentRunner$2.evaluate(ParentRunner.java:229)
	at org.junit.runners.ParentRunner.run(ParentRunner.java:309)
	at org.apache.maven.surefire.junit4.JUnit4Provider.execute(JUnit4Provider.java:367)
	at org.apache.maven.surefire.junit4.JUnit4Provider.executeWithRerun(JUnit4Provider.java:274)
	at org.apache.maven.surefire.junit4.JUnit4Provider.executeTestSet(JUnit4Provider.java:238)
	at org.apache.maven.surefire.junit4.JUnit4Provider.invoke(JUnit4Provider.java:161)
	at org.apache.maven.surefire.booter.ForkedBooter.invokeProviderInSameClassLoader(ForkedBooter.java:290)
	at org.apache.maven.surefire.booter.ForkedBooter.runSuitesInProcess(ForkedBooter.java:242)
	at org.apache.maven.surefire.booter.ForkedBooter.main(ForkedBooter.java:121)
09:51:27.667 [main] ERROR fr.inria.jtravis.helpers.BuildHelper - Error while getting JSON at URL: /build/222020421?include=job.config
fr.inria.jtravis.Http404Exception: 
	at fr.inria.jtravis.helpers.AbstractHelper.checkResponse(AbstractHelper.java:82)
	at fr.inria.jtravis.helpers.AbstractHelper.get(AbstractHelper.java:100)
	at fr.inria.jtravis.helpers.AbstractHelper.get(AbstractHelper.java:89)
	at fr.inria.jtravis.helpers.EntityHelper.getEntityFromUri(EntityHelper.java:35)
	at fr.inria.jtravis.helpers.BuildHelper.fromId(BuildHelper.java:58)
	at fr.inria.spirals.repairnator.process.step.checkoutrepository.TestCheckoutBuggyBuildSourceCode.checkBuildAndReturn(TestCheckoutBuggyBuildSourceCode.java:295)
	at fr.inria.spirals.repairnator.process.step.checkoutrepository.TestCheckoutBuggyBuildSourceCode.testCheckoutPreviousBuildSourceCodeNoPR2(TestCheckoutBuggyBuildSourceCode.java:146)
	at java.base/jdk.internal.reflect.NativeMethodAccessorImpl.invoke0(Native Method)
	at java.base/jdk.internal.reflect.NativeMethodAccessorImpl.invoke(NativeMethodAccessorImpl.java:62)
	at java.base/jdk.internal.reflect.DelegatingMethodAccessorImpl.invoke(DelegatingMethodAccessorImpl.java:43)
	at java.base/java.lang.reflect.Method.invoke(Method.java:566)
	at org.junit.runners.model.FrameworkMethod$1.runReflectiveCall(FrameworkMethod.java:47)
	at org.junit.internal.runners.model.ReflectiveCallable.run(ReflectiveCallable.java:12)
	at org.junit.runners.model.FrameworkMethod.invokeExplosively(FrameworkMethod.java:44)
	at org.junit.internal.runners.statements.InvokeMethod.evaluate(InvokeMethod.java:17)
	at org.junit.internal.runners.statements.RunBefores.evaluate(RunBefores.java:26)
	at org.junit.internal.runners.statements.RunAfters.evaluate(RunAfters.java:27)
	at org.junit.runners.ParentRunner.runLeaf(ParentRunner.java:271)
	at org.junit.runners.BlockJUnit4ClassRunner.runChild(BlockJUnit4ClassRunner.java:70)
	at org.junit.runners.BlockJUnit4ClassRunner.runChild(BlockJUnit4ClassRunner.java:50)
	at org.junit.runners.ParentRunner$3.run(ParentRunner.java:238)
	at org.junit.runners.ParentRunner$1.schedule(ParentRunner.java:63)
	at org.junit.runners.ParentRunner.runChildren(ParentRunner.java:236)
	at org.junit.runners.ParentRunner.access$000(ParentRunner.java:53)
	at org.junit.runners.ParentRunner$2.evaluate(ParentRunner.java:229)
	at org.junit.runners.ParentRunner.run(ParentRunner.java:309)
	at org.apache.maven.surefire.junit4.JUnit4Provider.execute(JUnit4Provider.java:367)
	at org.apache.maven.surefire.junit4.JUnit4Provider.executeWithRerun(JUnit4Provider.java:274)
	at org.apache.maven.surefire.junit4.JUnit4Provider.executeTestSet(JUnit4Provider.java:238)
	at org.apache.maven.surefire.junit4.JUnit4Provider.invoke(JUnit4Provider.java:161)
	at org.apache.maven.surefire.booter.ForkedBooter.invokeProviderInSameClassLoader(ForkedBooter.java:290)
	at org.apache.maven.surefire.booter.ForkedBooter.runSuitesInProcess(ForkedBooter.java:242)
	at org.apache.maven.surefire.booter.ForkedBooter.main(ForkedBooter.java:121)
09:51:27.811 [main] ERROR fr.inria.jtravis.helpers.BuildHelper - Error while getting JSON at URL: /build/219248073?include=job.config
fr.inria.jtravis.Http404Exception: 
	at fr.inria.jtravis.helpers.AbstractHelper.checkResponse(AbstractHelper.java:82)
	at fr.inria.jtravis.helpers.AbstractHelper.get(AbstractHelper.java:100)
	at fr.inria.jtravis.helpers.AbstractHelper.get(AbstractHelper.java:89)
	at fr.inria.jtravis.helpers.EntityHelper.getEntityFromUri(EntityHelper.java:35)
	at fr.inria.jtravis.helpers.BuildHelper.fromId(BuildHelper.java:58)
	at fr.inria.spirals.repairnator.process.step.checkoutrepository.TestCheckoutBuggyBuildSourceCode.checkBuildAndReturn(TestCheckoutBuggyBuildSourceCode.java:295)
	at fr.inria.spirals.repairnator.process.step.checkoutrepository.TestCheckoutBuggyBuildSourceCode.testCheckoutPreviousBuildSourceCodeNoPR(TestCheckoutBuggyBuildSourceCode.java:65)
	at java.base/jdk.internal.reflect.NativeMethodAccessorImpl.invoke0(Native Method)
	at java.base/jdk.internal.reflect.NativeMethodAccessorImpl.invoke(NativeMethodAccessorImpl.java:62)
	at java.base/jdk.internal.reflect.DelegatingMethodAccessorImpl.invoke(DelegatingMethodAccessorImpl.java:43)
	at java.base/java.lang.reflect.Method.invoke(Method.java:566)
	at org.junit.runners.model.FrameworkMethod$1.runReflectiveCall(FrameworkMethod.java:47)
	at org.junit.internal.runners.model.ReflectiveCallable.run(ReflectiveCallable.java:12)
	at org.junit.runners.model.FrameworkMethod.invokeExplosively(FrameworkMethod.java:44)
	at org.junit.internal.runners.statements.InvokeMethod.evaluate(InvokeMethod.java:17)
	at org.junit.internal.runners.statements.RunBefores.evaluate(RunBefores.java:26)
	at org.junit.internal.runners.statements.RunAfters.evaluate(RunAfters.java:27)
	at org.junit.runners.ParentRunner.runLeaf(ParentRunner.java:271)
	at org.junit.runners.BlockJUnit4ClassRunner.runChild(BlockJUnit4ClassRunner.java:70)
	at org.junit.runners.BlockJUnit4ClassRunner.runChild(BlockJUnit4ClassRunner.java:50)
	at org.junit.runners.ParentRunner$3.run(ParentRunner.java:238)
	at org.junit.runners.ParentRunner$1.schedule(ParentRunner.java:63)
	at org.junit.runners.ParentRunner.runChildren(ParentRunner.java:236)
	at org.junit.runners.ParentRunner.access$000(ParentRunner.java:53)
	at org.junit.runners.ParentRunner$2.evaluate(ParentRunner.java:229)
	at org.junit.runners.ParentRunner.run(ParentRunner.java:309)
	at org.apache.maven.surefire.junit4.JUnit4Provider.execute(JUnit4Provider.java:367)
	at org.apache.maven.surefire.junit4.JUnit4Provider.executeWithRerun(JUnit4Provider.java:274)
	at org.apache.maven.surefire.junit4.JUnit4Provider.executeTestSet(JUnit4Provider.java:238)
	at org.apache.maven.surefire.junit4.JUnit4Provider.invoke(JUnit4Provider.java:161)
	at org.apache.maven.surefire.booter.ForkedBooter.invokeProviderInSameClassLoader(ForkedBooter.java:290)
	at org.apache.maven.surefire.booter.ForkedBooter.runSuitesInProcess(ForkedBooter.java:242)
	at org.apache.maven.surefire.booter.ForkedBooter.main(ForkedBooter.java:121)
09:51:27.947 [main] ERROR fr.inria.jtravis.helpers.BuildHelper - Error while getting JSON at URL: /build/223248816?include=job.config
fr.inria.jtravis.Http404Exception: 
	at fr.inria.jtravis.helpers.AbstractHelper.checkResponse(AbstractHelper.java:82)
	at fr.inria.jtravis.helpers.AbstractHelper.get(AbstractHelper.java:100)
	at fr.inria.jtravis.helpers.AbstractHelper.get(AbstractHelper.java:89)
	at fr.inria.jtravis.helpers.EntityHelper.getEntityFromUri(EntityHelper.java:35)
	at fr.inria.jtravis.helpers.BuildHelper.fromId(BuildHelper.java:58)
	at fr.inria.spirals.repairnator.process.step.checkoutrepository.TestCheckoutBuggyBuildSourceCode.checkBuildAndReturn(TestCheckoutBuggyBuildSourceCode.java:295)
	at fr.inria.spirals.repairnator.process.step.checkoutrepository.TestCheckoutBuggyBuildSourceCode.testCheckoutPreviousBuildSourceCodeWithPR(TestCheckoutBuggyBuildSourceCode.java:227)
	at java.base/jdk.internal.reflect.NativeMethodAccessorImpl.invoke0(Native Method)
	at java.base/jdk.internal.reflect.NativeMethodAccessorImpl.invoke(NativeMethodAccessorImpl.java:62)
	at java.base/jdk.internal.reflect.DelegatingMethodAccessorImpl.invoke(DelegatingMethodAccessorImpl.java:43)
	at java.base/java.lang.reflect.Method.invoke(Method.java:566)
	at org.junit.runners.model.FrameworkMethod$1.runReflectiveCall(FrameworkMethod.java:47)
	at org.junit.internal.runners.model.ReflectiveCallable.run(ReflectiveCallable.java:12)
	at org.junit.runners.model.FrameworkMethod.invokeExplosively(FrameworkMethod.java:44)
	at org.junit.internal.runners.statements.InvokeMethod.evaluate(InvokeMethod.java:17)
	at org.junit.internal.runners.statements.RunBefores.evaluate(RunBefores.java:26)
	at org.junit.internal.runners.statements.RunAfters.evaluate(RunAfters.java:27)
	at org.junit.runners.ParentRunner.runLeaf(ParentRunner.java:271)
	at org.junit.runners.BlockJUnit4ClassRunner.runChild(BlockJUnit4ClassRunner.java:70)
	at org.junit.runners.BlockJUnit4ClassRunner.runChild(BlockJUnit4ClassRunner.java:50)
	at org.junit.runners.ParentRunner$3.run(ParentRunner.java:238)
	at org.junit.runners.ParentRunner$1.schedule(ParentRunner.java:63)
	at org.junit.runners.ParentRunner.runChildren(ParentRunner.java:236)
	at org.junit.runners.ParentRunner.access$000(ParentRunner.java:53)
	at org.junit.runners.ParentRunner$2.evaluate(ParentRunner.java:229)
	at org.junit.runners.ParentRunner.run(ParentRunner.java:309)
	at org.apache.maven.surefire.junit4.JUnit4Provider.execute(JUnit4Provider.java:367)
	at org.apache.maven.surefire.junit4.JUnit4Provider.executeWithRerun(JUnit4Provider.java:274)
	at org.apache.maven.surefire.junit4.JUnit4Provider.executeTestSet(JUnit4Provider.java:238)
	at org.apache.maven.surefire.junit4.JUnit4Provider.invoke(JUnit4Provider.java:161)
	at org.apache.maven.surefire.booter.ForkedBooter.invokeProviderInSameClassLoader(ForkedBooter.java:290)
	at org.apache.maven.surefire.booter.ForkedBooter.runSuitesInProcess(ForkedBooter.java:242)
	at org.apache.maven.surefire.booter.ForkedBooter.main(ForkedBooter.java:121)
09:53:35.091 [main] ERROR fr.inria.jtravis.helpers.BuildHelper - Error while getting JSON at URL: /build/222020421?include=job.config
fr.inria.jtravis.Http404Exception: 
	at fr.inria.jtravis.helpers.AbstractHelper.checkResponse(AbstractHelper.java:82)
	at fr.inria.jtravis.helpers.AbstractHelper.get(AbstractHelper.java:100)
	at fr.inria.jtravis.helpers.AbstractHelper.get(AbstractHelper.java:89)
	at fr.inria.jtravis.helpers.EntityHelper.getEntityFromUri(EntityHelper.java:35)
	at fr.inria.jtravis.helpers.BuildHelper.fromId(BuildHelper.java:58)
	at fr.inria.spirals.repairnator.process.step.checkoutrepository.TestCheckoutBuggyBuildSourceCode.checkBuildAndReturn(TestCheckoutBuggyBuildSourceCode.java:296)
	at fr.inria.spirals.repairnator.process.step.checkoutrepository.TestCheckoutBuggyBuildSourceCode.testCheckoutPreviousBuildSourceCodeNoPR2(TestCheckoutBuggyBuildSourceCode.java:147)
	at java.base/jdk.internal.reflect.NativeMethodAccessorImpl.invoke0(Native Method)
	at java.base/jdk.internal.reflect.NativeMethodAccessorImpl.invoke(NativeMethodAccessorImpl.java:62)
	at java.base/jdk.internal.reflect.DelegatingMethodAccessorImpl.invoke(DelegatingMethodAccessorImpl.java:43)
	at java.base/java.lang.reflect.Method.invoke(Method.java:566)
	at org.junit.runners.model.FrameworkMethod$1.runReflectiveCall(FrameworkMethod.java:47)
	at org.junit.internal.runners.model.ReflectiveCallable.run(ReflectiveCallable.java:12)
	at org.junit.runners.model.FrameworkMethod.invokeExplosively(FrameworkMethod.java:44)
	at org.junit.internal.runners.statements.InvokeMethod.evaluate(InvokeMethod.java:17)
	at org.junit.internal.runners.statements.RunBefores.evaluate(RunBefores.java:26)
	at org.junit.internal.runners.statements.RunAfters.evaluate(RunAfters.java:27)
	at org.junit.runners.ParentRunner.runLeaf(ParentRunner.java:271)
	at org.junit.runners.BlockJUnit4ClassRunner.runChild(BlockJUnit4ClassRunner.java:70)
	at org.junit.runners.BlockJUnit4ClassRunner.runChild(BlockJUnit4ClassRunner.java:50)
	at org.junit.runners.ParentRunner$3.run(ParentRunner.java:238)
	at org.junit.runners.ParentRunner$1.schedule(ParentRunner.java:63)
	at org.junit.runners.ParentRunner.runChildren(ParentRunner.java:236)
	at org.junit.runners.ParentRunner.access$000(ParentRunner.java:53)
	at org.junit.runners.ParentRunner$2.evaluate(ParentRunner.java:229)
	at org.junit.runners.ParentRunner.run(ParentRunner.java:309)
	at org.apache.maven.surefire.junit4.JUnit4Provider.execute(JUnit4Provider.java:367)
	at org.apache.maven.surefire.junit4.JUnit4Provider.executeWithRerun(JUnit4Provider.java:274)
	at org.apache.maven.surefire.junit4.JUnit4Provider.executeTestSet(JUnit4Provider.java:238)
	at org.apache.maven.surefire.junit4.JUnit4Provider.invoke(JUnit4Provider.java:161)
	at org.apache.maven.surefire.booter.ForkedBooter.invokeProviderInSameClassLoader(ForkedBooter.java:290)
	at org.apache.maven.surefire.booter.ForkedBooter.runSuitesInProcess(ForkedBooter.java:242)
	at org.apache.maven.surefire.booter.ForkedBooter.main(ForkedBooter.java:121)
09:53:38.149 [main] INFO  f.i.s.r.process.git.GitHelper - Init git submodules.
09:53:38.247 [main] INFO  f.i.s.r.process.git.GitHelper - Init git submodules.
09:53:38.288 [main] INFO  f.i.s.r.p.s.c.CheckoutBuggyBuildSourceCode - Serialize all data for build: 220950805
09:53:38.470 [main] ERROR fr.inria.jtravis.helpers.BuildHelper - Error while getting JSON at URL: /build/223248816?include=job.config
fr.inria.jtravis.Http404Exception: 
	at fr.inria.jtravis.helpers.AbstractHelper.checkResponse(AbstractHelper.java:82)
	at fr.inria.jtravis.helpers.AbstractHelper.get(AbstractHelper.java:100)
	at fr.inria.jtravis.helpers.AbstractHelper.get(AbstractHelper.java:89)
	at fr.inria.jtravis.helpers.EntityHelper.getEntityFromUri(EntityHelper.java:35)
	at fr.inria.jtravis.helpers.BuildHelper.fromId(BuildHelper.java:58)
	at fr.inria.spirals.repairnator.process.step.checkoutrepository.TestCheckoutBuggyBuildSourceCode.checkBuildAndReturn(TestCheckoutBuggyBuildSourceCode.java:296)
	at fr.inria.spirals.repairnator.process.step.checkoutrepository.TestCheckoutBuggyBuildSourceCode.testCheckoutPreviousBuildSourceCodeWithPR(TestCheckoutBuggyBuildSourceCode.java:228)
	at java.base/jdk.internal.reflect.NativeMethodAccessorImpl.invoke0(Native Method)
	at java.base/jdk.internal.reflect.NativeMethodAccessorImpl.invoke(NativeMethodAccessorImpl.java:62)
	at java.base/jdk.internal.reflect.DelegatingMethodAccessorImpl.invoke(DelegatingMethodAccessorImpl.java:43)
	at java.base/java.lang.reflect.Method.invoke(Method.java:566)
	at org.junit.runners.model.FrameworkMethod$1.runReflectiveCall(FrameworkMethod.java:47)
	at org.junit.internal.runners.model.ReflectiveCallable.run(ReflectiveCallable.java:12)
	at org.junit.runners.model.FrameworkMethod.invokeExplosively(FrameworkMethod.java:44)
	at org.junit.internal.runners.statements.InvokeMethod.evaluate(InvokeMethod.java:17)
	at org.junit.internal.runners.statements.RunBefores.evaluate(RunBefores.java:26)
	at org.junit.internal.runners.statements.RunAfters.evaluate(RunAfters.java:27)
	at org.junit.runners.ParentRunner.runLeaf(ParentRunner.java:271)
	at org.junit.runners.BlockJUnit4ClassRunner.runChild(BlockJUnit4ClassRunner.java:70)
	at org.junit.runners.BlockJUnit4ClassRunner.runChild(BlockJUnit4ClassRunner.java:50)
	at org.junit.runners.ParentRunner$3.run(ParentRunner.java:238)
	at org.junit.runners.ParentRunner$1.schedule(ParentRunner.java:63)
	at org.junit.runners.ParentRunner.runChildren(ParentRunner.java:236)
	at org.junit.runners.ParentRunner.access$000(ParentRunner.java:53)
	at org.junit.runners.ParentRunner$2.evaluate(ParentRunner.java:229)
	at org.junit.runners.ParentRunner.run(ParentRunner.java:309)
	at org.apache.maven.surefire.junit4.JUnit4Provider.execute(JUnit4Provider.java:367)
	at org.apache.maven.surefire.junit4.JUnit4Provider.executeWithRerun(JUnit4Provider.java:274)
	at org.apache.maven.surefire.junit4.JUnit4Provider.executeTestSet(JUnit4Provider.java:238)
	at org.apache.maven.surefire.junit4.JUnit4Provider.invoke(JUnit4Provider.java:161)
	at org.apache.maven.surefire.booter.ForkedBooter.invokeProviderInSameClassLoader(ForkedBooter.java:290)
	at org.apache.maven.surefire.booter.ForkedBooter.runSuitesInProcess(ForkedBooter.java:242)
	at org.apache.maven.surefire.booter.ForkedBooter.main(ForkedBooter.java:121)
09:56:14.533 [main] INFO  f.i.s.r.process.git.GitHelper - Init git submodules.
09:56:14.626 [main] INFO  f.i.s.r.process.git.GitHelper - Init git submodules.
09:56:14.662 [main] INFO  f.i.s.r.p.s.c.CheckoutBuggyBuildSourceCode - Serialize all data for build: 224245043
09:56:16.345 [main] INFO  f.i.s.r.process.git.GitHelper - Init git submodules.
09:56:16.415 [main] INFO  f.i.s.r.process.git.GitHelper - Init git submodules.
09:56:16.451 [main] INFO  f.i.s.r.p.s.c.CheckoutBuggyBuildSourceCode - Serialize all data for build: 220950805
09:56:16.598 [main] ERROR fr.inria.jtravis.helpers.BuildHelper - Error while getting JSON at URL: /build/223248816?include=job.config
fr.inria.jtravis.Http404Exception: 
	at fr.inria.jtravis.helpers.AbstractHelper.checkResponse(AbstractHelper.java:82)
	at fr.inria.jtravis.helpers.AbstractHelper.get(AbstractHelper.java:100)
	at fr.inria.jtravis.helpers.AbstractHelper.get(AbstractHelper.java:89)
	at fr.inria.jtravis.helpers.EntityHelper.getEntityFromUri(EntityHelper.java:35)
	at fr.inria.jtravis.helpers.BuildHelper.fromId(BuildHelper.java:58)
	at fr.inria.spirals.repairnator.process.step.checkoutrepository.TestCheckoutBuggyBuildSourceCode.checkBuildAndReturn(TestCheckoutBuggyBuildSourceCode.java:296)
	at fr.inria.spirals.repairnator.process.step.checkoutrepository.TestCheckoutBuggyBuildSourceCode.testCheckoutPreviousBuildSourceCodeWithPR(TestCheckoutBuggyBuildSourceCode.java:228)
	at java.base/jdk.internal.reflect.NativeMethodAccessorImpl.invoke0(Native Method)
	at java.base/jdk.internal.reflect.NativeMethodAccessorImpl.invoke(NativeMethodAccessorImpl.java:62)
	at java.base/jdk.internal.reflect.DelegatingMethodAccessorImpl.invoke(DelegatingMethodAccessorImpl.java:43)
	at java.base/java.lang.reflect.Method.invoke(Method.java:566)
	at org.junit.runners.model.FrameworkMethod$1.runReflectiveCall(FrameworkMethod.java:47)
	at org.junit.internal.runners.model.ReflectiveCallable.run(ReflectiveCallable.java:12)
	at org.junit.runners.model.FrameworkMethod.invokeExplosively(FrameworkMethod.java:44)
	at org.junit.internal.runners.statements.InvokeMethod.evaluate(InvokeMethod.java:17)
	at org.junit.internal.runners.statements.RunBefores.evaluate(RunBefores.java:26)
	at org.junit.internal.runners.statements.RunAfters.evaluate(RunAfters.java:27)
	at org.junit.runners.ParentRunner.runLeaf(ParentRunner.java:271)
	at org.junit.runners.BlockJUnit4ClassRunner.runChild(BlockJUnit4ClassRunner.java:70)
	at org.junit.runners.BlockJUnit4ClassRunner.runChild(BlockJUnit4ClassRunner.java:50)
	at org.junit.runners.ParentRunner$3.run(ParentRunner.java:238)
	at org.junit.runners.ParentRunner$1.schedule(ParentRunner.java:63)
	at org.junit.runners.ParentRunner.runChildren(ParentRunner.java:236)
	at org.junit.runners.ParentRunner.access$000(ParentRunner.java:53)
	at org.junit.runners.ParentRunner$2.evaluate(ParentRunner.java:229)
	at org.junit.runners.ParentRunner.run(ParentRunner.java:309)
	at org.apache.maven.surefire.junit4.JUnit4Provider.execute(JUnit4Provider.java:367)
	at org.apache.maven.surefire.junit4.JUnit4Provider.executeWithRerun(JUnit4Provider.java:274)
	at org.apache.maven.surefire.junit4.JUnit4Provider.executeTestSet(JUnit4Provider.java:238)
	at org.apache.maven.surefire.junit4.JUnit4Provider.invoke(JUnit4Provider.java:161)
	at org.apache.maven.surefire.booter.ForkedBooter.invokeProviderInSameClassLoader(ForkedBooter.java:290)
	at org.apache.maven.surefire.booter.ForkedBooter.runSuitesInProcess(ForkedBooter.java:242)
	at org.apache.maven.surefire.booter.ForkedBooter.main(ForkedBooter.java:121)
10:00:22.721 [main] INFO  f.i.s.r.process.git.GitHelper - Init git submodules.
10:00:22.808 [main] INFO  f.i.s.r.process.git.GitHelper - Init git submodules.
10:00:22.861 [main] INFO  f.i.s.r.p.s.c.CheckoutBuggyBuildSourceCode - Serialize all data for build: 224245043
10:00:25.324 [main] INFO  f.i.s.r.process.git.GitHelper - Init git submodules.
10:00:25.384 [main] INFO  f.i.s.r.process.git.GitHelper - Init git submodules.
10:00:25.431 [main] INFO  f.i.s.r.p.s.c.CheckoutBuggyBuildSourceCode - Serialize all data for build: 220950805
10:06:17.792 [main] INFO  f.i.s.r.process.git.GitHelper - Init git submodules.
10:06:17.870 [main] INFO  f.i.s.r.process.git.GitHelper - Init git submodules.
10:06:17.918 [main] INFO  f.i.s.r.p.s.c.CheckoutBuggyBuildSourceCode - Serialize all data for build: 224245043
10:06:19.311 [main] INFO  f.i.s.r.process.git.GitHelper - Init git submodules.
10:06:19.371 [main] INFO  f.i.s.r.process.git.GitHelper - Init git submodules.
10:06:19.429 [main] INFO  f.i.s.r.p.s.c.CheckoutBuggyBuildSourceCode - Serialize all data for build: 220950805
10:11:26.718 [main] INFO  f.i.s.r.process.git.GitHelper - Init git submodules.
10:11:26.810 [main] INFO  f.i.s.r.process.git.GitHelper - Init git submodules.
10:11:26.873 [main] INFO  f.i.s.r.p.s.c.CheckoutBuggyBuildSourceCode - Serialize all data for build: 224245043
10:11:28.022 [main] INFO  f.i.s.r.process.git.GitHelper - Init git submodules.
10:11:28.074 [main] INFO  f.i.s.r.process.git.GitHelper - Init git submodules.
10:11:28.107 [main] INFO  f.i.s.r.p.s.c.CheckoutBuggyBuildSourceCode - Serialize all data for build: 220950805
10:18:37.930 [main] ERROR fr.inria.jtravis.helpers.BuildHelper - Error while getting JSON at URL: /build/380717778?include=job.config
fr.inria.jtravis.Http404Exception: 
	at fr.inria.jtravis.helpers.AbstractHelper.checkResponse(AbstractHelper.java:82)
	at fr.inria.jtravis.helpers.AbstractHelper.get(AbstractHelper.java:100)
	at fr.inria.jtravis.helpers.AbstractHelper.get(AbstractHelper.java:89)
	at fr.inria.jtravis.helpers.EntityHelper.getEntityFromUri(EntityHelper.java:35)
	at fr.inria.jtravis.helpers.BuildHelper.fromId(BuildHelper.java:58)
	at fr.inria.spirals.repairnator.process.step.paths.TestComputeModules.checkBuildAndReturn(TestComputeModules.java:117)
	at fr.inria.spirals.repairnator.process.step.paths.TestComputeModules.testComputeModulesWithMultiModuleProject(TestComputeModules.java:86)
	at java.base/jdk.internal.reflect.NativeMethodAccessorImpl.invoke0(Native Method)
	at java.base/jdk.internal.reflect.NativeMethodAccessorImpl.invoke(NativeMethodAccessorImpl.java:62)
	at java.base/jdk.internal.reflect.DelegatingMethodAccessorImpl.invoke(DelegatingMethodAccessorImpl.java:43)
	at java.base/java.lang.reflect.Method.invoke(Method.java:566)
	at org.junit.runners.model.FrameworkMethod$1.runReflectiveCall(FrameworkMethod.java:47)
	at org.junit.internal.runners.model.ReflectiveCallable.run(ReflectiveCallable.java:12)
	at org.junit.runners.model.FrameworkMethod.invokeExplosively(FrameworkMethod.java:44)
	at org.junit.internal.runners.statements.InvokeMethod.evaluate(InvokeMethod.java:17)
	at org.junit.internal.runners.statements.RunBefores.evaluate(RunBefores.java:26)
	at org.junit.internal.runners.statements.RunAfters.evaluate(RunAfters.java:27)
	at org.junit.runners.ParentRunner.runLeaf(ParentRunner.java:271)
	at org.junit.runners.BlockJUnit4ClassRunner.runChild(BlockJUnit4ClassRunner.java:70)
	at org.junit.runners.BlockJUnit4ClassRunner.runChild(BlockJUnit4ClassRunner.java:50)
	at org.junit.runners.ParentRunner$3.run(ParentRunner.java:238)
	at org.junit.runners.ParentRunner$1.schedule(ParentRunner.java:63)
	at org.junit.runners.ParentRunner.runChildren(ParentRunner.java:236)
	at org.junit.runners.ParentRunner.access$000(ParentRunner.java:53)
	at org.junit.runners.ParentRunner$2.evaluate(ParentRunner.java:229)
	at org.junit.runners.ParentRunner.run(ParentRunner.java:309)
	at org.apache.maven.surefire.junit4.JUnit4Provider.execute(JUnit4Provider.java:367)
	at org.apache.maven.surefire.junit4.JUnit4Provider.executeWithRerun(JUnit4Provider.java:274)
	at org.apache.maven.surefire.junit4.JUnit4Provider.executeTestSet(JUnit4Provider.java:238)
	at org.apache.maven.surefire.junit4.JUnit4Provider.invoke(JUnit4Provider.java:161)
	at org.apache.maven.surefire.booter.ForkedBooter.invokeProviderInSameClassLoader(ForkedBooter.java:290)
	at org.apache.maven.surefire.booter.ForkedBooter.runSuitesInProcess(ForkedBooter.java:242)
	at org.apache.maven.surefire.booter.ForkedBooter.main(ForkedBooter.java:121)
10:18:39.776 [main] INFO  f.i.s.r.process.git.GitHelper - Init git submodules.
10:18:39.974 [main] INFO  f.i.s.r.p.step.paths.ComputeModules - Serialize all data for build: 203797975
10:24:24.922 [main] ERROR fr.inria.jtravis.helpers.BuildHelper - Error while getting JSON at URL: /build/380717778?include=job.config
fr.inria.jtravis.Http404Exception: 
	at fr.inria.jtravis.helpers.AbstractHelper.checkResponse(AbstractHelper.java:82)
	at fr.inria.jtravis.helpers.AbstractHelper.get(AbstractHelper.java:100)
	at fr.inria.jtravis.helpers.AbstractHelper.get(AbstractHelper.java:89)
	at fr.inria.jtravis.helpers.EntityHelper.getEntityFromUri(EntityHelper.java:35)
	at fr.inria.jtravis.helpers.BuildHelper.fromId(BuildHelper.java:58)
	at fr.inria.spirals.repairnator.process.step.paths.TestComputeModules.checkBuildAndReturn(TestComputeModules.java:117)
	at fr.inria.spirals.repairnator.process.step.paths.TestComputeModules.testComputeModulesWithMultiModuleProject(TestComputeModules.java:86)
	at java.base/jdk.internal.reflect.NativeMethodAccessorImpl.invoke0(Native Method)
	at java.base/jdk.internal.reflect.NativeMethodAccessorImpl.invoke(NativeMethodAccessorImpl.java:62)
	at java.base/jdk.internal.reflect.DelegatingMethodAccessorImpl.invoke(DelegatingMethodAccessorImpl.java:43)
	at java.base/java.lang.reflect.Method.invoke(Method.java:566)
	at org.junit.runners.model.FrameworkMethod$1.runReflectiveCall(FrameworkMethod.java:47)
	at org.junit.internal.runners.model.ReflectiveCallable.run(ReflectiveCallable.java:12)
	at org.junit.runners.model.FrameworkMethod.invokeExplosively(FrameworkMethod.java:44)
	at org.junit.internal.runners.statements.InvokeMethod.evaluate(InvokeMethod.java:17)
	at org.junit.internal.runners.statements.RunBefores.evaluate(RunBefores.java:26)
	at org.junit.internal.runners.statements.RunAfters.evaluate(RunAfters.java:27)
	at org.junit.runners.ParentRunner.runLeaf(ParentRunner.java:271)
	at org.junit.runners.BlockJUnit4ClassRunner.runChild(BlockJUnit4ClassRunner.java:70)
	at org.junit.runners.BlockJUnit4ClassRunner.runChild(BlockJUnit4ClassRunner.java:50)
	at org.junit.runners.ParentRunner$3.run(ParentRunner.java:238)
	at org.junit.runners.ParentRunner$1.schedule(ParentRunner.java:63)
	at org.junit.runners.ParentRunner.runChildren(ParentRunner.java:236)
	at org.junit.runners.ParentRunner.access$000(ParentRunner.java:53)
	at org.junit.runners.ParentRunner$2.evaluate(ParentRunner.java:229)
	at org.junit.runners.ParentRunner.run(ParentRunner.java:309)
	at org.apache.maven.surefire.junit4.JUnit4Provider.execute(JUnit4Provider.java:367)
	at org.apache.maven.surefire.junit4.JUnit4Provider.executeWithRerun(JUnit4Provider.java:274)
	at org.apache.maven.surefire.junit4.JUnit4Provider.executeTestSet(JUnit4Provider.java:238)
	at org.apache.maven.surefire.junit4.JUnit4Provider.invoke(JUnit4Provider.java:161)
	at org.apache.maven.surefire.booter.ForkedBooter.invokeProviderInSameClassLoader(ForkedBooter.java:290)
	at org.apache.maven.surefire.booter.ForkedBooter.runSuitesInProcess(ForkedBooter.java:242)
	at org.apache.maven.surefire.booter.ForkedBooter.main(ForkedBooter.java:121)
10:24:26.733 [main] INFO  f.i.s.r.process.git.GitHelper - Init git submodules.
10:24:26.897 [main] INFO  f.i.s.r.p.step.paths.ComputeModules - Serialize all data for build: 203797975
10:25:22.268 [main] INFO  f.i.s.r.process.git.GitHelper - Init git submodules.
10:25:22.594 [main] INFO  f.i.s.r.process.git.GitHelper - Init git submodules.
10:25:22.635 [main] INFO  f.i.s.r.p.s.c.CheckoutBuggyBuildSourceCode - Serialize all data for build: 224245043
10:25:23.723 [main] INFO  f.i.s.r.process.git.GitHelper - Init git submodules.
10:25:23.782 [main] INFO  f.i.s.r.process.git.GitHelper - Init git submodules.
10:25:23.817 [main] INFO  f.i.s.r.p.s.c.CheckoutBuggyBuildSourceCode - Serialize all data for build: 220950805
10:25:28.362 [main] INFO  f.i.s.r.process.git.GitHelper - Init git submodules.
10:25:29.550 [main] INFO  f.i.s.r.process.git.GitHelper - Init git submodules.
10:25:29.594 [main] INFO  f.i.s.r.p.s.c.CheckoutBuggyBuildSourceCode - Serialize all data for build: 224246458
10:27:13.740 [main] INFO  f.i.s.r.process.git.GitHelper - Init git submodules.
10:27:13.827 [main] INFO  f.i.s.r.process.git.GitHelper - Init git submodules.
10:27:13.869 [main] INFO  f.i.s.r.p.s.c.CheckoutBuggyBuildSourceCode - Serialize all data for build: 224245043
10:27:15.318 [main] INFO  f.i.s.r.process.git.GitHelper - Init git submodules.
10:27:15.372 [main] INFO  f.i.s.r.process.git.GitHelper - Init git submodules.
10:27:15.412 [main] INFO  f.i.s.r.p.s.c.CheckoutBuggyBuildSourceCode - Serialize all data for build: 220950805
10:27:18.962 [main] INFO  f.i.s.r.process.git.GitHelper - Init git submodules.
10:27:20.345 [main] INFO  f.i.s.r.process.git.GitHelper - Init git submodules.
10:27:20.384 [main] INFO  f.i.s.r.p.s.c.CheckoutBuggyBuildSourceCode - Serialize all data for build: 224246458
10:39:21.604 [main] ERROR fr.inria.jtravis.helpers.BuildHelper - Error while getting JSON at URL: /build/207924136?include=job.config
fr.inria.jtravis.Http404Exception: 
	at fr.inria.jtravis.helpers.AbstractHelper.checkResponse(AbstractHelper.java:82)
	at fr.inria.jtravis.helpers.AbstractHelper.get(AbstractHelper.java:100)
	at fr.inria.jtravis.helpers.AbstractHelper.get(AbstractHelper.java:89)
	at fr.inria.jtravis.helpers.EntityHelper.getEntityFromUri(EntityHelper.java:35)
	at fr.inria.jtravis.helpers.BuildHelper.fromId(BuildHelper.java:58)
	at fr.inria.spirals.repairnator.process.step.paths.TestComputeSourceDir.checkBuildAndReturn(TestComputeSourceDir.java:293)
	at fr.inria.spirals.repairnator.process.step.paths.TestComputeSourceDir.testComputeSourceDir(TestComputeSourceDir.java:57)
	at java.base/jdk.internal.reflect.NativeMethodAccessorImpl.invoke0(Native Method)
	at java.base/jdk.internal.reflect.NativeMethodAccessorImpl.invoke(NativeMethodAccessorImpl.java:62)
	at java.base/jdk.internal.reflect.DelegatingMethodAccessorImpl.invoke(DelegatingMethodAccessorImpl.java:43)
	at java.base/java.lang.reflect.Method.invoke(Method.java:566)
	at org.junit.runners.model.FrameworkMethod$1.runReflectiveCall(FrameworkMethod.java:47)
	at org.junit.internal.runners.model.ReflectiveCallable.run(ReflectiveCallable.java:12)
	at org.junit.runners.model.FrameworkMethod.invokeExplosively(FrameworkMethod.java:44)
	at org.junit.internal.runners.statements.InvokeMethod.evaluate(InvokeMethod.java:17)
	at org.junit.internal.runners.statements.RunBefores.evaluate(RunBefores.java:26)
	at org.junit.internal.runners.statements.RunAfters.evaluate(RunAfters.java:27)
	at org.junit.runners.ParentRunner.runLeaf(ParentRunner.java:271)
	at org.junit.runners.BlockJUnit4ClassRunner.runChild(BlockJUnit4ClassRunner.java:70)
	at org.junit.runners.BlockJUnit4ClassRunner.runChild(BlockJUnit4ClassRunner.java:50)
	at org.junit.runners.ParentRunner$3.run(ParentRunner.java:238)
	at org.junit.runners.ParentRunner$1.schedule(ParentRunner.java:63)
	at org.junit.runners.ParentRunner.runChildren(ParentRunner.java:236)
	at org.junit.runners.ParentRunner.access$000(ParentRunner.java:53)
	at org.junit.runners.ParentRunner$2.evaluate(ParentRunner.java:229)
	at org.junit.runners.ParentRunner.run(ParentRunner.java:309)
	at org.apache.maven.surefire.junit4.JUnit4Provider.execute(JUnit4Provider.java:367)
	at org.apache.maven.surefire.junit4.JUnit4Provider.executeWithRerun(JUnit4Provider.java:274)
	at org.apache.maven.surefire.junit4.JUnit4Provider.executeTestSet(JUnit4Provider.java:238)
	at org.apache.maven.surefire.junit4.JUnit4Provider.invoke(JUnit4Provider.java:161)
	at org.apache.maven.surefire.booter.ForkedBooter.invokeProviderInSameClassLoader(ForkedBooter.java:290)
	at org.apache.maven.surefire.booter.ForkedBooter.runSuitesInProcess(ForkedBooter.java:242)
	at org.apache.maven.surefire.booter.ForkedBooter.main(ForkedBooter.java:121)
10:39:21.763 [main] ERROR fr.inria.jtravis.helpers.BuildHelper - Error while getting JSON at URL: /build/225251586?include=job.config
fr.inria.jtravis.Http404Exception: 
	at fr.inria.jtravis.helpers.AbstractHelper.checkResponse(AbstractHelper.java:82)
	at fr.inria.jtravis.helpers.AbstractHelper.get(AbstractHelper.java:100)
	at fr.inria.jtravis.helpers.AbstractHelper.get(AbstractHelper.java:89)
	at fr.inria.jtravis.helpers.EntityHelper.getEntityFromUri(EntityHelper.java:35)
	at fr.inria.jtravis.helpers.BuildHelper.fromId(BuildHelper.java:58)
	at fr.inria.spirals.repairnator.process.step.paths.TestComputeSourceDir.checkBuildAndReturn(TestComputeSourceDir.java:293)
	at fr.inria.spirals.repairnator.process.step.paths.TestComputeSourceDir.testComputeSourceDirWithMultiModuleProject2(TestComputeSourceDir.java:131)
	at java.base/jdk.internal.reflect.NativeMethodAccessorImpl.invoke0(Native Method)
	at java.base/jdk.internal.reflect.NativeMethodAccessorImpl.invoke(NativeMethodAccessorImpl.java:62)
	at java.base/jdk.internal.reflect.DelegatingMethodAccessorImpl.invoke(DelegatingMethodAccessorImpl.java:43)
	at java.base/java.lang.reflect.Method.invoke(Method.java:566)
	at org.junit.runners.model.FrameworkMethod$1.runReflectiveCall(FrameworkMethod.java:47)
	at org.junit.internal.runners.model.ReflectiveCallable.run(ReflectiveCallable.java:12)
	at org.junit.runners.model.FrameworkMethod.invokeExplosively(FrameworkMethod.java:44)
	at org.junit.internal.runners.statements.InvokeMethod.evaluate(InvokeMethod.java:17)
	at org.junit.internal.runners.statements.RunBefores.evaluate(RunBefores.java:26)
	at org.junit.internal.runners.statements.RunAfters.evaluate(RunAfters.java:27)
	at org.junit.runners.ParentRunner.runLeaf(ParentRunner.java:271)
	at org.junit.runners.BlockJUnit4ClassRunner.runChild(BlockJUnit4ClassRunner.java:70)
	at org.junit.runners.BlockJUnit4ClassRunner.runChild(BlockJUnit4ClassRunner.java:50)
	at org.junit.runners.ParentRunner$3.run(ParentRunner.java:238)
	at org.junit.runners.ParentRunner$1.schedule(ParentRunner.java:63)
	at org.junit.runners.ParentRunner.runChildren(ParentRunner.java:236)
	at org.junit.runners.ParentRunner.access$000(ParentRunner.java:53)
	at org.junit.runners.ParentRunner$2.evaluate(ParentRunner.java:229)
	at org.junit.runners.ParentRunner.run(ParentRunner.java:309)
	at org.apache.maven.surefire.junit4.JUnit4Provider.execute(JUnit4Provider.java:367)
	at org.apache.maven.surefire.junit4.JUnit4Provider.executeWithRerun(JUnit4Provider.java:274)
	at org.apache.maven.surefire.junit4.JUnit4Provider.executeTestSet(JUnit4Provider.java:238)
	at org.apache.maven.surefire.junit4.JUnit4Provider.invoke(JUnit4Provider.java:161)
	at org.apache.maven.surefire.booter.ForkedBooter.invokeProviderInSameClassLoader(ForkedBooter.java:290)
	at org.apache.maven.surefire.booter.ForkedBooter.runSuitesInProcess(ForkedBooter.java:242)
	at org.apache.maven.surefire.booter.ForkedBooter.main(ForkedBooter.java:121)
10:39:21.897 [main] ERROR fr.inria.jtravis.helpers.BuildHelper - Error while getting JSON at URL: /build/225251586?include=job.config
fr.inria.jtravis.Http404Exception: 
	at fr.inria.jtravis.helpers.AbstractHelper.checkResponse(AbstractHelper.java:82)
	at fr.inria.jtravis.helpers.AbstractHelper.get(AbstractHelper.java:100)
	at fr.inria.jtravis.helpers.AbstractHelper.get(AbstractHelper.java:89)
	at fr.inria.jtravis.helpers.EntityHelper.getEntityFromUri(EntityHelper.java:35)
	at fr.inria.jtravis.helpers.BuildHelper.fromId(BuildHelper.java:58)
	at fr.inria.spirals.repairnator.process.step.paths.TestComputeSourceDir.checkBuildAndReturn(TestComputeSourceDir.java:293)
	at fr.inria.spirals.repairnator.process.step.paths.TestComputeSourceDir.testComputeSourceDirWithMultiModuleProject3(TestComputeSourceDir.java:167)
	at java.base/jdk.internal.reflect.NativeMethodAccessorImpl.invoke0(Native Method)
	at java.base/jdk.internal.reflect.NativeMethodAccessorImpl.invoke(NativeMethodAccessorImpl.java:62)
	at java.base/jdk.internal.reflect.DelegatingMethodAccessorImpl.invoke(DelegatingMethodAccessorImpl.java:43)
	at java.base/java.lang.reflect.Method.invoke(Method.java:566)
	at org.junit.runners.model.FrameworkMethod$1.runReflectiveCall(FrameworkMethod.java:47)
	at org.junit.internal.runners.model.ReflectiveCallable.run(ReflectiveCallable.java:12)
	at org.junit.runners.model.FrameworkMethod.invokeExplosively(FrameworkMethod.java:44)
	at org.junit.internal.runners.statements.InvokeMethod.evaluate(InvokeMethod.java:17)
	at org.junit.internal.runners.statements.RunBefores.evaluate(RunBefores.java:26)
	at org.junit.internal.runners.statements.RunAfters.evaluate(RunAfters.java:27)
	at org.junit.runners.ParentRunner.runLeaf(ParentRunner.java:271)
	at org.junit.runners.BlockJUnit4ClassRunner.runChild(BlockJUnit4ClassRunner.java:70)
	at org.junit.runners.BlockJUnit4ClassRunner.runChild(BlockJUnit4ClassRunner.java:50)
	at org.junit.runners.ParentRunner$3.run(ParentRunner.java:238)
	at org.junit.runners.ParentRunner$1.schedule(ParentRunner.java:63)
	at org.junit.runners.ParentRunner.runChildren(ParentRunner.java:236)
	at org.junit.runners.ParentRunner.access$000(ParentRunner.java:53)
	at org.junit.runners.ParentRunner$2.evaluate(ParentRunner.java:229)
	at org.junit.runners.ParentRunner.run(ParentRunner.java:309)
	at org.apache.maven.surefire.junit4.JUnit4Provider.execute(JUnit4Provider.java:367)
	at org.apache.maven.surefire.junit4.JUnit4Provider.executeWithRerun(JUnit4Provider.java:274)
	at org.apache.maven.surefire.junit4.JUnit4Provider.executeTestSet(JUnit4Provider.java:238)
	at org.apache.maven.surefire.junit4.JUnit4Provider.invoke(JUnit4Provider.java:161)
	at org.apache.maven.surefire.booter.ForkedBooter.invokeProviderInSameClassLoader(ForkedBooter.java:290)
	at org.apache.maven.surefire.booter.ForkedBooter.runSuitesInProcess(ForkedBooter.java:242)
	at org.apache.maven.surefire.booter.ForkedBooter.main(ForkedBooter.java:121)
10:39:22.079 [main] ERROR fr.inria.jtravis.helpers.BuildHelper - Error while getting JSON at URL: /build/216674182?include=job.config
fr.inria.jtravis.Http404Exception: 
	at fr.inria.jtravis.helpers.AbstractHelper.checkResponse(AbstractHelper.java:82)
	at fr.inria.jtravis.helpers.AbstractHelper.get(AbstractHelper.java:100)
	at fr.inria.jtravis.helpers.AbstractHelper.get(AbstractHelper.java:89)
	at fr.inria.jtravis.helpers.EntityHelper.getEntityFromUri(EntityHelper.java:35)
	at fr.inria.jtravis.helpers.BuildHelper.fromId(BuildHelper.java:58)
	at fr.inria.spirals.repairnator.process.step.paths.TestComputeSourceDir.checkBuildAndReturn(TestComputeSourceDir.java:293)
	at fr.inria.spirals.repairnator.process.step.paths.TestComputeSourceDir.testComputeSourceDirWithMultiModuleProject4(TestComputeSourceDir.java:204)
	at java.base/jdk.internal.reflect.NativeMethodAccessorImpl.invoke0(Native Method)
	at java.base/jdk.internal.reflect.NativeMethodAccessorImpl.invoke(NativeMethodAccessorImpl.java:62)
	at java.base/jdk.internal.reflect.DelegatingMethodAccessorImpl.invoke(DelegatingMethodAccessorImpl.java:43)
	at java.base/java.lang.reflect.Method.invoke(Method.java:566)
	at org.junit.runners.model.FrameworkMethod$1.runReflectiveCall(FrameworkMethod.java:47)
	at org.junit.internal.runners.model.ReflectiveCallable.run(ReflectiveCallable.java:12)
	at org.junit.runners.model.FrameworkMethod.invokeExplosively(FrameworkMethod.java:44)
	at org.junit.internal.runners.statements.InvokeMethod.evaluate(InvokeMethod.java:17)
	at org.junit.internal.runners.statements.RunBefores.evaluate(RunBefores.java:26)
	at org.junit.internal.runners.statements.RunAfters.evaluate(RunAfters.java:27)
	at org.junit.runners.ParentRunner.runLeaf(ParentRunner.java:271)
	at org.junit.runners.BlockJUnit4ClassRunner.runChild(BlockJUnit4ClassRunner.java:70)
	at org.junit.runners.BlockJUnit4ClassRunner.runChild(BlockJUnit4ClassRunner.java:50)
	at org.junit.runners.ParentRunner$3.run(ParentRunner.java:238)
	at org.junit.runners.ParentRunner$1.schedule(ParentRunner.java:63)
	at org.junit.runners.ParentRunner.runChildren(ParentRunner.java:236)
	at org.junit.runners.ParentRunner.access$000(ParentRunner.java:53)
	at org.junit.runners.ParentRunner$2.evaluate(ParentRunner.java:229)
	at org.junit.runners.ParentRunner.run(ParentRunner.java:309)
	at org.apache.maven.surefire.junit4.JUnit4Provider.execute(JUnit4Provider.java:367)
	at org.apache.maven.surefire.junit4.JUnit4Provider.executeWithRerun(JUnit4Provider.java:274)
	at org.apache.maven.surefire.junit4.JUnit4Provider.executeTestSet(JUnit4Provider.java:238)
	at org.apache.maven.surefire.junit4.JUnit4Provider.invoke(JUnit4Provider.java:161)
	at org.apache.maven.surefire.booter.ForkedBooter.invokeProviderInSameClassLoader(ForkedBooter.java:290)
	at org.apache.maven.surefire.booter.ForkedBooter.runSuitesInProcess(ForkedBooter.java:242)
	at org.apache.maven.surefire.booter.ForkedBooter.main(ForkedBooter.java:121)
10:39:22.215 [main] ERROR fr.inria.jtravis.helpers.BuildHelper - Error while getting JSON at URL: /build/225251586?include=job.config
fr.inria.jtravis.Http404Exception: 
	at fr.inria.jtravis.helpers.AbstractHelper.checkResponse(AbstractHelper.java:82)
	at fr.inria.jtravis.helpers.AbstractHelper.get(AbstractHelper.java:100)
	at fr.inria.jtravis.helpers.AbstractHelper.get(AbstractHelper.java:89)
	at fr.inria.jtravis.helpers.EntityHelper.getEntityFromUri(EntityHelper.java:35)
	at fr.inria.jtravis.helpers.BuildHelper.fromId(BuildHelper.java:58)
	at fr.inria.spirals.repairnator.process.step.paths.TestComputeSourceDir.checkBuildAndReturn(TestComputeSourceDir.java:293)
	at fr.inria.spirals.repairnator.process.step.paths.TestComputeSourceDir.testComputeSourceDirWithMultiModuleProject(TestComputeSourceDir.java:94)
	at java.base/jdk.internal.reflect.NativeMethodAccessorImpl.invoke0(Native Method)
	at java.base/jdk.internal.reflect.NativeMethodAccessorImpl.invoke(NativeMethodAccessorImpl.java:62)
	at java.base/jdk.internal.reflect.DelegatingMethodAccessorImpl.invoke(DelegatingMethodAccessorImpl.java:43)
	at java.base/java.lang.reflect.Method.invoke(Method.java:566)
	at org.junit.runners.model.FrameworkMethod$1.runReflectiveCall(FrameworkMethod.java:47)
	at org.junit.internal.runners.model.ReflectiveCallable.run(ReflectiveCallable.java:12)
	at org.junit.runners.model.FrameworkMethod.invokeExplosively(FrameworkMethod.java:44)
	at org.junit.internal.runners.statements.InvokeMethod.evaluate(InvokeMethod.java:17)
	at org.junit.internal.runners.statements.RunBefores.evaluate(RunBefores.java:26)
	at org.junit.internal.runners.statements.RunAfters.evaluate(RunAfters.java:27)
	at org.junit.runners.ParentRunner.runLeaf(ParentRunner.java:271)
	at org.junit.runners.BlockJUnit4ClassRunner.runChild(BlockJUnit4ClassRunner.java:70)
	at org.junit.runners.BlockJUnit4ClassRunner.runChild(BlockJUnit4ClassRunner.java:50)
	at org.junit.runners.ParentRunner$3.run(ParentRunner.java:238)
	at org.junit.runners.ParentRunner$1.schedule(ParentRunner.java:63)
	at org.junit.runners.ParentRunner.runChildren(ParentRunner.java:236)
	at org.junit.runners.ParentRunner.access$000(ParentRunner.java:53)
	at org.junit.runners.ParentRunner$2.evaluate(ParentRunner.java:229)
	at org.junit.runners.ParentRunner.run(ParentRunner.java:309)
	at org.apache.maven.surefire.junit4.JUnit4Provider.execute(JUnit4Provider.java:367)
	at org.apache.maven.surefire.junit4.JUnit4Provider.executeWithRerun(JUnit4Provider.java:274)
	at org.apache.maven.surefire.junit4.JUnit4Provider.executeTestSet(JUnit4Provider.java:238)
	at org.apache.maven.surefire.junit4.JUnit4Provider.invoke(JUnit4Provider.java:161)
	at org.apache.maven.surefire.booter.ForkedBooter.invokeProviderInSameClassLoader(ForkedBooter.java:290)
	at org.apache.maven.surefire.booter.ForkedBooter.runSuitesInProcess(ForkedBooter.java:242)
	at org.apache.maven.surefire.booter.ForkedBooter.main(ForkedBooter.java:121)
